This file contains any messages produced by compilers while
running configure, to aid debugging if configure makes a mistake.

It was created by Valgrind configure 3.7.0, which was
generated by GNU Autoconf 2.68.  Invocation command line was

  $ ./configure --prefix=/home/azbest/profiling/valgrind-3.7.0/inst

## --------- ##
## Platform. ##
## --------- ##

hostname = azbest
uname -m = x86_64
uname -r = 3.5.0-45-generic
uname -s = Linux
uname -v = #68~precise1-Ubuntu SMP Wed Dec 4 16:18:46 UTC 2013

/usr/bin/uname -p = unknown
/bin/uname -X     = unknown

/bin/arch              = unknown
/usr/bin/arch -k       = unknown
/usr/convex/getsysinfo = unknown
/usr/bin/hostinfo      = unknown
/bin/machine           = unknown
/usr/bin/oslevel       = unknown
/bin/universe          = unknown

PATH: /usr/local/Trolltech/Qt5/Qt-5.3.1-qtwe/bin
PATH: /usr/lib/jvm/java-7-sun/jdk1.7.0_25/bin
PATH: /usr/lib/icecc/bin
PATH: /usr/lib/lightdm/lightdm
PATH: /usr/local/sbin
PATH: /usr/local/bin
PATH: /usr/sbin
PATH: /usr/bin
PATH: /sbin
PATH: /bin
PATH: /usr/games


## ----------- ##
## Core tests. ##
## ----------- ##

configure:2524: checking for a BSD-compatible install
configure:2592: result: /usr/bin/install -c
configure:2603: checking whether build environment is sane
configure:2653: result: yes
configure:2794: checking for a thread-safe mkdir -p
configure:2833: result: /bin/mkdir -p
configure:2846: checking for gawk
configure:2862: found /usr/bin/gawk
configure:2873: result: gawk
configure:2884: checking whether make sets $(MAKE)
configure:2906: result: yes
configure:2988: checking whether to enable maintainer-specific portions of Makefiles
configure:2997: result: no
configure:3016: checking whether ln -s works
configure:3020: result: yes
configure:3075: checking for gcc
configure:3091: found /usr/lib/icecc/bin/gcc
configure:3102: result: gcc
configure:3331: checking for C compiler version
configure:3340: gcc --version >&5
gcc (Ubuntu/Linaro 4.6.3-1ubuntu5) 4.6.3
Copyright (C) 2011 Free Software Foundation, Inc.
This is free software; see the source for copying conditions.  There is NO
warranty; not even for MERCHANTABILITY or FITNESS FOR A PARTICULAR PURPOSE.

configure:3351: $? = 0
configure:3340: gcc -v >&5
Using built-in specs.
COLLECT_GCC=/usr/bin/gcc
COLLECT_LTO_WRAPPER=/usr/lib/gcc/x86_64-linux-gnu/4.6/lto-wrapper
Target: x86_64-linux-gnu
Configured with: ../src/configure -v --with-pkgversion='Ubuntu/Linaro 4.6.3-1ubuntu5' --with-bugurl=file:///usr/share/doc/gcc-4.6/README.Bugs --enable-languages=c,c++,fortran,objc,obj-c++ --prefix=/usr --program-suffix=-4.6 --enable-shared --enable-linker-build-id --with-system-zlib --libexecdir=/usr/lib --without-included-gettext --enable-threads=posix --with-gxx-include-dir=/usr/include/c++/4.6 --libdir=/usr/lib --enable-nls --with-sysroot=/ --enable-clocale=gnu --enable-libstdcxx-debug --enable-libstdcxx-time=yes --enable-gnu-unique-object --enable-plugin --enable-objc-gc --disable-werror --with-arch-32=i686 --with-tune=generic --enable-checking=release --build=x86_64-linux-gnu --host=x86_64-linux-gnu --target=x86_64-linux-gnu
Thread model: posix
gcc version 4.6.3 (Ubuntu/Linaro 4.6.3-1ubuntu5) 
configure:3351: $? = 0
configure:3340: gcc -V >&5
gcc: error: unrecognized option '-V'
gcc: fatal error: no input files
compilation terminated.
configure:3351: $? = 4
configure:3340: gcc -qversion >&5
gcc: error: unrecognized option '-qversion'
gcc: fatal error: no input files
compilation terminated.
configure:3351: $? = 4
configure:3371: checking whether the C compiler works
configure:3393: gcc -Wno-long-long    conftest.c  >&5
configure:3397: $? = 0
configure:3445: result: yes
configure:3448: checking for C compiler default output file name
configure:3450: result: a.out
configure:3456: checking for suffix of executables
configure:3463: gcc -o conftest -Wno-long-long    conftest.c  >&5
configure:3467: $? = 0
configure:3489: result: 
configure:3511: checking whether we are cross compiling
configure:3519: gcc -o conftest -Wno-long-long    conftest.c  >&5
configure:3523: $? = 0
configure:3530: ./conftest
configure:3534: $? = 0
configure:3549: result: no
configure:3554: checking for suffix of object files
configure:3576: gcc -c -Wno-long-long   conftest.c >&5
configure:3580: $? = 0
configure:3601: result: o
configure:3605: checking whether we are using the GNU C compiler
configure:3624: gcc -c -Wno-long-long   conftest.c >&5
configure:3624: $? = 0
configure:3633: result: yes
configure:3642: checking whether gcc accepts -g
configure:3662: gcc -c -g  conftest.c >&5
configure:3662: $? = 0
configure:3703: result: yes
configure:3720: checking for gcc option to accept ISO C89
configure:3784: gcc  -c -Wno-long-long   conftest.c >&5
configure:3784: $? = 0
configure:3797: result: none needed
configure:3828: checking for style of include used by make
configure:3856: result: GNU
configure:3881: checking dependency style of gcc
configure:3991: result: gcc3
configure:4007: checking whether gcc and cc understand -c and -o together
configure:4038: gcc -c conftest.c -o conftest2.o >&5
configure:4042: $? = 0
configure:4048: gcc -c conftest.c -o conftest2.o >&5
configure:4052: $? = 0
configure:4063: cc -c conftest.c >&5
configure:4067: $? = 0
configure:4075: cc -c conftest.c -o conftest2.o >&5
configure:4079: $? = 0
configure:4085: cc -c conftest.c -o conftest2.o >&5
configure:4089: $? = 0
configure:4107: result: yes
configure:4137: checking how to run the C preprocessor
configure:4168: gcc -E  conftest.c
configure:4168: $? = 0
configure:4182: gcc -E  conftest.c
conftest.c:11:28: fatal error: ac_nonexistent.h: No such file or directory
compilation terminated.
configure:4182: $? = 1
configure: failed program was:
| /* confdefs.h */
| #define PACKAGE_NAME "Valgrind"
| #define PACKAGE_TARNAME "valgrind"
| #define PACKAGE_VERSION "3.7.0"
| #define PACKAGE_STRING "Valgrind 3.7.0"
| #define PACKAGE_BUGREPORT "valgrind-users@lists.sourceforge.net"
| #define PACKAGE_URL ""
| #define PACKAGE "valgrind"
| #define VERSION "3.7.0"
| /* end confdefs.h.  */
| #include <ac_nonexistent.h>
configure:4207: result: gcc -E
configure:4227: gcc -E  conftest.c
configure:4227: $? = 0
configure:4241: gcc -E  conftest.c
conftest.c:11:28: fatal error: ac_nonexistent.h: No such file or directory
compilation terminated.
configure:4241: $? = 1
configure: failed program was:
| /* confdefs.h */
| #define PACKAGE_NAME "Valgrind"
| #define PACKAGE_TARNAME "valgrind"
| #define PACKAGE_VERSION "3.7.0"
| #define PACKAGE_STRING "Valgrind 3.7.0"
| #define PACKAGE_BUGREPORT "valgrind-users@lists.sourceforge.net"
| #define PACKAGE_URL ""
| #define PACKAGE "valgrind"
| #define VERSION "3.7.0"
| /* end confdefs.h.  */
| #include <ac_nonexistent.h>
configure:4327: checking for g++
configure:4343: found /usr/lib/icecc/bin/g++
configure:4354: result: g++
configure:4381: checking for C++ compiler version
configure:4390: g++ --version >&5
g++ (Ubuntu/Linaro 4.6.3-1ubuntu5) 4.6.3
Copyright (C) 2011 Free Software Foundation, Inc.
This is free software; see the source for copying conditions.  There is NO
warranty; not even for MERCHANTABILITY or FITNESS FOR A PARTICULAR PURPOSE.

configure:4401: $? = 0
configure:4390: g++ -v >&5
Using built-in specs.
COLLECT_GCC=/usr/bin/g++
COLLECT_LTO_WRAPPER=/usr/lib/gcc/x86_64-linux-gnu/4.6/lto-wrapper
Target: x86_64-linux-gnu
Configured with: ../src/configure -v --with-pkgversion='Ubuntu/Linaro 4.6.3-1ubuntu5' --with-bugurl=file:///usr/share/doc/gcc-4.6/README.Bugs --enable-languages=c,c++,fortran,objc,obj-c++ --prefix=/usr --program-suffix=-4.6 --enable-shared --enable-linker-build-id --with-system-zlib --libexecdir=/usr/lib --without-included-gettext --enable-threads=posix --with-gxx-include-dir=/usr/include/c++/4.6 --libdir=/usr/lib --enable-nls --with-sysroot=/ --enable-clocale=gnu --enable-libstdcxx-debug --enable-libstdcxx-time=yes --enable-gnu-unique-object --enable-plugin --enable-objc-gc --disable-werror --with-arch-32=i686 --with-tune=generic --enable-checking=release --build=x86_64-linux-gnu --host=x86_64-linux-gnu --target=x86_64-linux-gnu
Thread model: posix
gcc version 4.6.3 (Ubuntu/Linaro 4.6.3-1ubuntu5) 
configure:4401: $? = 0
configure:4390: g++ -V >&5
g++: error: unrecognized option '-V'
g++: fatal error: no input files
compilation terminated.
configure:4401: $? = 4
configure:4390: g++ -qversion >&5
g++: error: unrecognized option '-qversion'
g++: fatal error: no input files
compilation terminated.
configure:4401: $? = 4
configure:4405: checking whether we are using the GNU C++ compiler
configure:4424: g++ -c   conftest.cpp >&5
configure:4424: $? = 0
configure:4433: result: yes
configure:4442: checking whether g++ accepts -g
configure:4462: g++ -c -g  conftest.cpp >&5
configure:4462: $? = 0
configure:4503: result: yes
configure:4528: checking dependency style of g++
configure:4638: result: gcc3
configure:4709: checking for ranlib
configure:4725: found /usr/bin/ranlib
configure:4736: result: ranlib
configure:4761: checking for a sed that does not truncate output
configure:4825: result: /bin/sed
configure:4838: checking for ar
configure:4856: found /usr/bin/ar
configure:4868: result: /usr/bin/ar
configure:4891: checking for perl
configure:4909: found /usr/bin/perl
configure:4921: result: /usr/bin/perl
configure:4933: checking for gdb
configure:4951: found /usr/bin/gdb
configure:4964: result: /usr/bin/gdb
configure:4988: checking dependency style of gcc
configure:5096: result: gcc3
configure:5115: checking for diff -u
configure:5123: result: yes
configure:5135: checking for a supported version of gcc
configure:5162: result: ok (4.6.3)
configure:5188: checking build system type
configure:5202: result: x86_64-unknown-linux-gnu
configure:5222: checking host system type
configure:5235: result: x86_64-unknown-linux-gnu
configure:5256: checking for a supported CPU
configure:5271: result: ok (x86_64)
configure:5319: checking for a 64-bit only build
configure:5332: result: no
configure:5336: checking for a 32-bit only build
configure:5349: result: no
configure:5362: checking for a supported OS
configure:5370: result: ok (linux-gnu)
configure:5375: checking for the kernel version
configure:5382: result: 2.6.x/3.x family (3.5.0-45-generic)
configure:5492: checking for 32 bit build support
configure:5510: gcc -o conftest -m32   conftest.c  >&5
configure:5510: $? = 0
configure:5512: result: yes
configure:5568: checking for a supported CPU/OS combination
configure:5618: result: ok (amd64-linux)
configure:5917: checking for use as an inner Valgrind
configure:5930: result: no
configure:5969: checking for grep that handles long lines and -e
configure:6027: result: /bin/grep
configure:6032: checking for egrep
configure:6094: result: /bin/grep -E
configure:6099: checking for ANSI C header files
configure:6119: gcc -c -Wno-long-long   conftest.c >&5
configure:6119: $? = 0
configure:6192: gcc -o conftest -Wno-long-long    conftest.c  >&5
configure:6192: $? = 0
configure:6192: ./conftest
configure:6192: $? = 0
configure:6203: result: yes
configure:6216: checking for sys/types.h
configure:6216: gcc -c -Wno-long-long   conftest.c >&5
configure:6216: $? = 0
configure:6216: result: yes
configure:6216: checking for sys/stat.h
configure:6216: gcc -c -Wno-long-long   conftest.c >&5
configure:6216: $? = 0
configure:6216: result: yes
configure:6216: checking for stdlib.h
configure:6216: gcc -c -Wno-long-long   conftest.c >&5
configure:6216: $? = 0
configure:6216: result: yes
configure:6216: checking for string.h
configure:6216: gcc -c -Wno-long-long   conftest.c >&5
configure:6216: $? = 0
configure:6216: result: yes
configure:6216: checking for memory.h
configure:6216: gcc -c -Wno-long-long   conftest.c >&5
configure:6216: $? = 0
configure:6216: result: yes
configure:6216: checking for strings.h
configure:6216: gcc -c -Wno-long-long   conftest.c >&5
configure:6216: $? = 0
configure:6216: result: yes
configure:6216: checking for inttypes.h
configure:6216: gcc -c -Wno-long-long   conftest.c >&5
configure:6216: $? = 0
configure:6216: result: yes
configure:6216: checking for stdint.h
configure:6216: gcc -c -Wno-long-long   conftest.c >&5
configure:6216: $? = 0
configure:6216: result: yes
configure:6216: checking for unistd.h
configure:6216: gcc -c -Wno-long-long   conftest.c >&5
configure:6216: $? = 0
configure:6216: result: yes
configure:6228: checking features.h usability
configure:6228: gcc -c -Wno-long-long   conftest.c >&5
configure:6228: $? = 0
configure:6228: result: yes
configure:6228: checking features.h presence
configure:6228: gcc -E  conftest.c
configure:6228: $? = 0
configure:6228: result: yes
configure:6228: checking for features.h
configure:6228: result: yes
configure:6280: checking the GLIBC_VERSION version
configure:6418: result: 2.15 family
configure:6540: checking for CLOCK_MONOTONIC
configure:6560: gcc -c -Wno-long-long   conftest.c >&5
configure:6560: $? = 0
configure:6562: result: yes
configure:6579: checking for pthread_rwlock_t
configure:6598: gcc -c -Wno-long-long   conftest.c >&5
configure:6598: $? = 0
configure:6600: result: yes
configure:6617: checking for PTHREAD_MUTEX_ADAPTIVE_NP
configure:6636: gcc -c -Wno-long-long   conftest.c >&5
configure:6636: $? = 0
configure:6638: result: yes
configure:6655: checking for PTHREAD_MUTEX_ERRORCHECK_NP
configure:6674: gcc -c -Wno-long-long   conftest.c >&5
configure:6674: $? = 0
configure:6676: result: yes
configure:6693: checking for PTHREAD_MUTEX_RECURSIVE_NP
configure:6712: gcc -c -Wno-long-long   conftest.c >&5
configure:6712: $? = 0
configure:6714: result: yes
configure:6731: checking for PTHREAD_RECURSIVE_MUTEX_INITIALIZER_NP
configure:6751: gcc -c -Wno-long-long   conftest.c >&5
configure:6751: $? = 0
configure:6753: result: yes
configure:6770: checking for pthread_mutex_t.__m_kind
configure:6770: gcc -c -Wno-long-long   conftest.c >&5
conftest.c: In function 'main':
conftest.c:37:12: error: 'pthread_mutex_t' has no member named '__m_kind'
configure:6770: $? = 1
configure: failed program was:
| /* confdefs.h */
| #define PACKAGE_NAME "Valgrind"
| #define PACKAGE_TARNAME "valgrind"
| #define PACKAGE_VERSION "3.7.0"
| #define PACKAGE_STRING "Valgrind 3.7.0"
| #define PACKAGE_BUGREPORT "valgrind-users@lists.sourceforge.net"
| #define PACKAGE_URL ""
| #define PACKAGE "valgrind"
| #define VERSION "3.7.0"
| #define GDB_PATH "/usr/bin/gdb"
| #define KERNEL_2_6 1
| #define VG_TMPDIR "/tmp"
| #define STDC_HEADERS 1
| #define HAVE_SYS_TYPES_H 1
| #define HAVE_SYS_STAT_H 1
| #define HAVE_STDLIB_H 1
| #define HAVE_STRING_H 1
| #define HAVE_MEMORY_H 1
| #define HAVE_STRINGS_H 1
| #define HAVE_INTTYPES_H 1
| #define HAVE_STDINT_H 1
| #define HAVE_UNISTD_H 1
| #define GLIBC_2_15 1
| #define HAVE_CLOCK_MONOTONIC 1
| #define HAVE_PTHREAD_RWLOCK_T 1
| #define HAVE_PTHREAD_MUTEX_ADAPTIVE_NP 1
| #define HAVE_PTHREAD_MUTEX_ERRORCHECK_NP 1
| #define HAVE_PTHREAD_MUTEX_RECURSIVE_NP 1
| #define HAVE_PTHREAD_RECURSIVE_MUTEX_INITIALIZER_NP 1
| /* end confdefs.h.  */
| #include <pthread.h>
| 
| int
| main ()
| {
| static pthread_mutex_t ac_aggr;
| if (ac_aggr.__m_kind)
| return 0;
|   ;
|   return 0;
| }
configure:6770: gcc -c -Wno-long-long   conftest.c >&5
conftest.c: In function 'main':
conftest.c:37:19: error: 'pthread_mutex_t' has no member named '__m_kind'
configure:6770: $? = 1
configure: failed program was:
| /* confdefs.h */
| #define PACKAGE_NAME "Valgrind"
| #define PACKAGE_TARNAME "valgrind"
| #define PACKAGE_VERSION "3.7.0"
| #define PACKAGE_STRING "Valgrind 3.7.0"
| #define PACKAGE_BUGREPORT "valgrind-users@lists.sourceforge.net"
| #define PACKAGE_URL ""
| #define PACKAGE "valgrind"
| #define VERSION "3.7.0"
| #define GDB_PATH "/usr/bin/gdb"
| #define KERNEL_2_6 1
| #define VG_TMPDIR "/tmp"
| #define STDC_HEADERS 1
| #define HAVE_SYS_TYPES_H 1
| #define HAVE_SYS_STAT_H 1
| #define HAVE_STDLIB_H 1
| #define HAVE_STRING_H 1
| #define HAVE_MEMORY_H 1
| #define HAVE_STRINGS_H 1
| #define HAVE_INTTYPES_H 1
| #define HAVE_STDINT_H 1
| #define HAVE_UNISTD_H 1
| #define GLIBC_2_15 1
| #define HAVE_CLOCK_MONOTONIC 1
| #define HAVE_PTHREAD_RWLOCK_T 1
| #define HAVE_PTHREAD_MUTEX_ADAPTIVE_NP 1
| #define HAVE_PTHREAD_MUTEX_ERRORCHECK_NP 1
| #define HAVE_PTHREAD_MUTEX_RECURSIVE_NP 1
| #define HAVE_PTHREAD_RECURSIVE_MUTEX_INITIALIZER_NP 1
| /* end confdefs.h.  */
| #include <pthread.h>
| 
| int
| main ()
| {
| static pthread_mutex_t ac_aggr;
| if (sizeof ac_aggr.__m_kind)
| return 0;
|   ;
|   return 0;
| }
configure:6770: result: no
configure:6783: checking for pthread_mutex_t.__data.__kind
configure:6783: gcc -c -Wno-long-long   conftest.c >&5
configure:6783: $? = 0
configure:6783: result: yes
configure:6797: checking for Altivec
configure:6818: gcc -c -maltivec  conftest.c >&5
cc1: error: unrecognized command line option '-maltivec'
configure:6818: $? = 1
configure: failed program was:
| /* confdefs.h */
| #define PACKAGE_NAME "Valgrind"
| #define PACKAGE_TARNAME "valgrind"
| #define PACKAGE_VERSION "3.7.0"
| #define PACKAGE_STRING "Valgrind 3.7.0"
| #define PACKAGE_BUGREPORT "valgrind-users@lists.sourceforge.net"
| #define PACKAGE_URL ""
| #define PACKAGE "valgrind"
| #define VERSION "3.7.0"
| #define GDB_PATH "/usr/bin/gdb"
| #define KERNEL_2_6 1
| #define VG_TMPDIR "/tmp"
| #define STDC_HEADERS 1
| #define HAVE_SYS_TYPES_H 1
| #define HAVE_SYS_STAT_H 1
| #define HAVE_STDLIB_H 1
| #define HAVE_STRING_H 1
| #define HAVE_MEMORY_H 1
| #define HAVE_STRINGS_H 1
| #define HAVE_INTTYPES_H 1
| #define HAVE_STDINT_H 1
| #define HAVE_UNISTD_H 1
| #define GLIBC_2_15 1
| #define HAVE_CLOCK_MONOTONIC 1
| #define HAVE_PTHREAD_RWLOCK_T 1
| #define HAVE_PTHREAD_MUTEX_ADAPTIVE_NP 1
| #define HAVE_PTHREAD_MUTEX_ERRORCHECK_NP 1
| #define HAVE_PTHREAD_MUTEX_RECURSIVE_NP 1
| #define HAVE_PTHREAD_RECURSIVE_MUTEX_INITIALIZER_NP 1
| #define HAVE_PTHREAD_MUTEX_T__DATA__KIND 1
| /* end confdefs.h.  */
| 
| #include <altivec.h>
| 
| int
| main ()
| {
| 
|   vector unsigned int v;
| 
|   ;
|   return 0;
| }
configure:6830: result: no
configure:6855: checking for VSX
configure:6877: gcc -c -mvsx  conftest.c >&5
cc1: error: unrecognized command line option '-mvsx'
configure:6877: $? = 1
configure: failed program was:
| /* confdefs.h */
| #define PACKAGE_NAME "Valgrind"
| #define PACKAGE_TARNAME "valgrind"
| #define PACKAGE_VERSION "3.7.0"
| #define PACKAGE_STRING "Valgrind 3.7.0"
| #define PACKAGE_BUGREPORT "valgrind-users@lists.sourceforge.net"
| #define PACKAGE_URL ""
| #define PACKAGE "valgrind"
| #define VERSION "3.7.0"
| #define GDB_PATH "/usr/bin/gdb"
| #define KERNEL_2_6 1
| #define VG_TMPDIR "/tmp"
| #define STDC_HEADERS 1
| #define HAVE_SYS_TYPES_H 1
| #define HAVE_SYS_STAT_H 1
| #define HAVE_STDLIB_H 1
| #define HAVE_STRING_H 1
| #define HAVE_MEMORY_H 1
| #define HAVE_STRINGS_H 1
| #define HAVE_INTTYPES_H 1
| #define HAVE_STDINT_H 1
| #define HAVE_UNISTD_H 1
| #define GLIBC_2_15 1
| #define HAVE_CLOCK_MONOTONIC 1
| #define HAVE_PTHREAD_RWLOCK_T 1
| #define HAVE_PTHREAD_MUTEX_ADAPTIVE_NP 1
| #define HAVE_PTHREAD_MUTEX_ERRORCHECK_NP 1
| #define HAVE_PTHREAD_MUTEX_RECURSIVE_NP 1
| #define HAVE_PTHREAD_RECURSIVE_MUTEX_INITIALIZER_NP 1
| #define HAVE_PTHREAD_MUTEX_T__DATA__KIND 1
| /* end confdefs.h.  */
| 
| #include <altivec.h>
| 
| int
| main ()
| {
| 
|   vector unsigned int v;
|   __asm__ __volatile__("xsmaddadp 32, 32, 33" ::: "memory","cc");
| 
|   ;
|   return 0;
| }
configure:6886: result: no
configure:6904: checking for pthread_create@GLIBC2.0()
configure:6935: gcc -o conftest -lpthread   conftest.c  >&5
/tmp/ccloxLNm.o:conftest.c:function main: error: undefined reference to 'pthread_create', version 'GLIBC_2.0'
collect2: ld returned 1 exit status
configure:6935: $? = 1
configure: failed program was:
| /* confdefs.h */
| #define PACKAGE_NAME "Valgrind"
| #define PACKAGE_TARNAME "valgrind"
| #define PACKAGE_VERSION "3.7.0"
| #define PACKAGE_STRING "Valgrind 3.7.0"
| #define PACKAGE_BUGREPORT "valgrind-users@lists.sourceforge.net"
| #define PACKAGE_URL ""
| #define PACKAGE "valgrind"
| #define VERSION "3.7.0"
| #define GDB_PATH "/usr/bin/gdb"
| #define KERNEL_2_6 1
| #define VG_TMPDIR "/tmp"
| #define STDC_HEADERS 1
| #define HAVE_SYS_TYPES_H 1
| #define HAVE_SYS_STAT_H 1
| #define HAVE_STDLIB_H 1
| #define HAVE_STRING_H 1
| #define HAVE_MEMORY_H 1
| #define HAVE_STRINGS_H 1
| #define HAVE_INTTYPES_H 1
| #define HAVE_STDINT_H 1
| #define HAVE_UNISTD_H 1
| #define GLIBC_2_15 1
| #define HAVE_CLOCK_MONOTONIC 1
| #define HAVE_PTHREAD_RWLOCK_T 1
| #define HAVE_PTHREAD_MUTEX_ADAPTIVE_NP 1
| #define HAVE_PTHREAD_MUTEX_ERRORCHECK_NP 1
| #define HAVE_PTHREAD_MUTEX_RECURSIVE_NP 1
| #define HAVE_PTHREAD_RECURSIVE_MUTEX_INITIALIZER_NP 1
| #define HAVE_PTHREAD_MUTEX_T__DATA__KIND 1
| /* end confdefs.h.  */
| 
| extern int pthread_create_glibc_2_0(void*, const void*,
|                                     void *(*)(void*), void*);
| __asm__(".symver pthread_create_glibc_2_0, pthread_create@GLIBC_2.0");
| 
| int
| main ()
| {
| 
| #ifdef __powerpc__
| /*
|  * Apparently on PowerPC linking this program succeeds and generates an
|  * executable with the undefined symbol pthread_create@GLIBC_2.0.
|  */
| #error This test does not work properly on PowerPC.
| #else
|   pthread_create_glibc_2_0(0, 0, 0, 0);
| #endif
|   return 0;
| 
|   ;
|   return 0;
| }
configure:6947: result: no
configure:6966: checking for eventfd()
configure:6989: gcc -o conftest -Wno-long-long    conftest.c  >&5
configure:6989: $? = 0
configure:6991: result: yes
configure:7015: checking if gcc accepts -m32
configure:7034: gcc -c -m32  conftest.c >&5
configure:7034: $? = 0
configure:7037: result: yes
configure:7054: checking if gcc accepts -m64
configure:7073: gcc -c -m64  conftest.c >&5
configure:7073: $? = 0
configure:7076: result: yes
configure:7093: checking if gcc accepts -mmmx
configure:7112: gcc -c -mmmx  conftest.c >&5
configure:7112: $? = 0
configure:7115: result: yes
configure:7132: checking if gcc accepts -msse
configure:7151: gcc -c -msse  conftest.c >&5
configure:7151: $? = 0
configure:7154: result: yes
configure:7171: checking if gcc accepts -mpreferred-stack-boundary
configure:7190: gcc -c -mpreferred-stack-boundary=2  conftest.c >&5
conftest.c:1:0: error: -mpreferred-stack-boundary=2 is not between 4 and 12
configure:7190: $? = 1
configure: failed program was:
| /* confdefs.h */
| #define PACKAGE_NAME "Valgrind"
| #define PACKAGE_TARNAME "valgrind"
| #define PACKAGE_VERSION "3.7.0"
| #define PACKAGE_STRING "Valgrind 3.7.0"
| #define PACKAGE_BUGREPORT "valgrind-users@lists.sourceforge.net"
| #define PACKAGE_URL ""
| #define PACKAGE "valgrind"
| #define VERSION "3.7.0"
| #define GDB_PATH "/usr/bin/gdb"
| #define KERNEL_2_6 1
| #define VG_TMPDIR "/tmp"
| #define STDC_HEADERS 1
| #define HAVE_SYS_TYPES_H 1
| #define HAVE_SYS_STAT_H 1
| #define HAVE_STDLIB_H 1
| #define HAVE_STRING_H 1
| #define HAVE_MEMORY_H 1
| #define HAVE_STRINGS_H 1
| #define HAVE_INTTYPES_H 1
| #define HAVE_STDINT_H 1
| #define HAVE_UNISTD_H 1
| #define GLIBC_2_15 1
| #define HAVE_CLOCK_MONOTONIC 1
| #define HAVE_PTHREAD_RWLOCK_T 1
| #define HAVE_PTHREAD_MUTEX_ADAPTIVE_NP 1
| #define HAVE_PTHREAD_MUTEX_ERRORCHECK_NP 1
| #define HAVE_PTHREAD_MUTEX_RECURSIVE_NP 1
| #define HAVE_PTHREAD_RECURSIVE_MUTEX_INITIALIZER_NP 1
| #define HAVE_PTHREAD_MUTEX_T__DATA__KIND 1
| #define HAVE_EVENTFD 1
| #define HAVE_EVENTFD_READ 1
| /* end confdefs.h.  */
| 
| int
| main ()
| {
| 
|   return 0;
| 
|   ;
|   return 0;
| }
configure:7199: result: no
configure:7210: checking if gcc accepts -Wno-pointer-sign
configure:7229: gcc -c -Wno-pointer-sign  conftest.c >&5
configure:7229: $? = 0
configure:7232: result: yes
configure:7252: checking if gcc accepts -Wno-empty-body
configure:7271: gcc -c -Wno-empty-body  conftest.c >&5
configure:7271: $? = 0
configure:7275: result: yes
configure:7291: checking if gcc accepts -Wno-format-zero-length
configure:7310: gcc -c -Wno-format-zero-length  conftest.c >&5
configure:7310: $? = 0
configure:7314: result: yes
configure:7330: checking if gcc accepts -Wno-nonnull
configure:7349: gcc -c -Wno-nonnull  conftest.c >&5
configure:7349: $? = 0
configure:7353: result: yes
configure:7369: checking if gcc accepts -Wno-overflow
configure:7388: gcc -c -Wno-overflow  conftest.c >&5
configure:7388: $? = 0
configure:7392: result: yes
configure:7408: checking if gcc accepts -Wno-uninitialized
configure:7427: gcc -c -Wno-uninitialized  conftest.c >&5
configure:7427: $? = 0
configure:7431: result: yes
configure:7447: checking if gcc accepts -Wextra or -W
configure:7466: gcc -c -Wextra  conftest.c >&5
configure:7466: $? = 0
configure:7470: result: -Wextra
configure:7511: checking if gcc accepts -fno-stack-protector
configure:7530: gcc -c -fno-stack-protector  conftest.c >&5
configure:7530: $? = 0
configure:7534: result: yes
configure:7557: checking if gcc accepts --param inline-unit-growth
configure:7576: gcc -c --param inline-unit-growth=900  conftest.c >&5
configure:7576: $? = 0
configure:7580: result: yes
configure:7600: checking if the linker accepts -Wl,--build-id=none
configure:7617: gcc -o conftest -Wl,--build-id=none   conftest.c  >&5
configure:7617: $? = 0
configure:7621: result: yes
configure:7638: checking if ppc32/64 as supports mtocrf/mfocrf
configure:7655: gcc -c -Wno-long-long  -Wno-pointer-sign -fno-stack-protector  conftest.c >&5
conftest.c: Assembler messages:
conftest.c:39: Error: no such instruction: `mtocrf 4,0'
conftest.c:40: Error: no such instruction: `mfocrf 0,4'
configure:7655: $? = 1
configure: failed program was:
| /* confdefs.h */
| #define PACKAGE_NAME "Valgrind"
| #define PACKAGE_TARNAME "valgrind"
| #define PACKAGE_VERSION "3.7.0"
| #define PACKAGE_STRING "Valgrind 3.7.0"
| #define PACKAGE_BUGREPORT "valgrind-users@lists.sourceforge.net"
| #define PACKAGE_URL ""
| #define PACKAGE "valgrind"
| #define VERSION "3.7.0"
| #define GDB_PATH "/usr/bin/gdb"
| #define KERNEL_2_6 1
| #define VG_TMPDIR "/tmp"
| #define STDC_HEADERS 1
| #define HAVE_SYS_TYPES_H 1
| #define HAVE_SYS_STAT_H 1
| #define HAVE_STDLIB_H 1
| #define HAVE_STRING_H 1
| #define HAVE_MEMORY_H 1
| #define HAVE_STRINGS_H 1
| #define HAVE_INTTYPES_H 1
| #define HAVE_STDINT_H 1
| #define HAVE_UNISTD_H 1
| #define GLIBC_2_15 1
| #define HAVE_CLOCK_MONOTONIC 1
| #define HAVE_PTHREAD_RWLOCK_T 1
| #define HAVE_PTHREAD_MUTEX_ADAPTIVE_NP 1
| #define HAVE_PTHREAD_MUTEX_ERRORCHECK_NP 1
| #define HAVE_PTHREAD_MUTEX_RECURSIVE_NP 1
| #define HAVE_PTHREAD_RECURSIVE_MUTEX_INITIALIZER_NP 1
| #define HAVE_PTHREAD_MUTEX_T__DATA__KIND 1
| #define HAVE_EVENTFD 1
| #define HAVE_EVENTFD_READ 1
| /* end confdefs.h.  */
| 
| int
| main ()
| {
| 
| __asm__ __volatile__("mtocrf 4,0");
| __asm__ __volatile__("mfocrf 0,4");
| 
|   ;
|   return 0;
| }
configure:7664: result: no
configure:7681: checking if x86/amd64 assembler speaks SSE3
configure:7699: gcc -c -Wno-long-long  -Wno-pointer-sign -fno-stack-protector  conftest.c >&5
configure:7699: $? = 0
configure:7702: result: yes
configure:7727: checking if x86/amd64 assembler speaks SSSE3
configure:7746: gcc -c -Wno-long-long  -Wno-pointer-sign -fno-stack-protector  conftest.c >&5
configure:7746: $? = 0
configure:7749: result: yes
configure:7774: checking if x86/amd64 assembler supports 'pclmulqdq'
configure:7792: gcc -c -Wno-long-long  -Wno-pointer-sign -fno-stack-protector  conftest.c >&5
configure:7792: $? = 0
configure:7795: result: yes
configure:7820: checking if x86/amd64 assembler supports 'lzcnt'
configure:7838: gcc -c -Wno-long-long  -Wno-pointer-sign -fno-stack-protector  conftest.c >&5
configure:7838: $? = 0
configure:7841: result: yes
configure:7866: checking if x86/amd64 assembler speaks SSE4.2
configure:7885: gcc -c -Wno-long-long  -Wno-pointer-sign -fno-stack-protector  conftest.c >&5
configure:7885: $? = 0
configure:7888: result: yes
configure:7925: gcc -o conftest -Wno-long-long  -Wno-pointer-sign -fno-stack-protector   conftest.c  >&5
configure:7925: $? = 0
configure:7936: checking for TLS support
configure:7959: gcc -o conftest -Wno-long-long  -Wno-pointer-sign -fno-stack-protector   conftest.c  >&5
configure:7959: $? = 0
configure:7959: ./conftest
configure:7959: $? = 0
configure:7971: result: yes
configure:7985: checking for ANSI C header files
configure:8089: result: yes
configure:8114: checking asm/unistd.h usability
configure:8114: gcc -c -Wno-long-long  -Wno-pointer-sign -fno-stack-protector  conftest.c >&5
configure:8114: $? = 0
configure:8114: result: yes
configure:8114: checking asm/unistd.h presence
configure:8114: gcc -E  conftest.c
configure:8114: $? = 0
configure:8114: result: yes
configure:8114: checking for asm/unistd.h
configure:8114: result: yes
configure:8114: checking endian.h usability
configure:8114: gcc -c -Wno-long-long  -Wno-pointer-sign -fno-stack-protector  conftest.c >&5
configure:8114: $? = 0
configure:8114: result: yes
configure:8114: checking endian.h presence
configure:8114: gcc -E  conftest.c
configure:8114: $? = 0
configure:8114: result: yes
configure:8114: checking for endian.h
configure:8114: result: yes
configure:8114: checking mqueue.h usability
configure:8114: gcc -c -Wno-long-long  -Wno-pointer-sign -fno-stack-protector  conftest.c >&5
configure:8114: $? = 0
configure:8114: result: yes
configure:8114: checking mqueue.h presence
configure:8114: gcc -E  conftest.c
configure:8114: $? = 0
configure:8114: result: yes
configure:8114: checking for mqueue.h
configure:8114: result: yes
configure:8114: checking sys/endian.h usability
configure:8114: gcc -c -Wno-long-long  -Wno-pointer-sign -fno-stack-protector  conftest.c >&5
conftest.c:72:24: fatal error: sys/endian.h: No such file or directory
compilation terminated.
configure:8114: $? = 1
configure: failed program was:
| /* confdefs.h */
| #define PACKAGE_NAME "Valgrind"
| #define PACKAGE_TARNAME "valgrind"
| #define PACKAGE_VERSION "3.7.0"
| #define PACKAGE_STRING "Valgrind 3.7.0"
| #define PACKAGE_BUGREPORT "valgrind-users@lists.sourceforge.net"
| #define PACKAGE_URL ""
| #define PACKAGE "valgrind"
| #define VERSION "3.7.0"
| #define GDB_PATH "/usr/bin/gdb"
| #define KERNEL_2_6 1
| #define VG_TMPDIR "/tmp"
| #define STDC_HEADERS 1
| #define HAVE_SYS_TYPES_H 1
| #define HAVE_SYS_STAT_H 1
| #define HAVE_STDLIB_H 1
| #define HAVE_STRING_H 1
| #define HAVE_MEMORY_H 1
| #define HAVE_STRINGS_H 1
| #define HAVE_INTTYPES_H 1
| #define HAVE_STDINT_H 1
| #define HAVE_UNISTD_H 1
| #define GLIBC_2_15 1
| #define HAVE_CLOCK_MONOTONIC 1
| #define HAVE_PTHREAD_RWLOCK_T 1
| #define HAVE_PTHREAD_MUTEX_ADAPTIVE_NP 1
| #define HAVE_PTHREAD_MUTEX_ERRORCHECK_NP 1
| #define HAVE_PTHREAD_MUTEX_RECURSIVE_NP 1
| #define HAVE_PTHREAD_RECURSIVE_MUTEX_INITIALIZER_NP 1
| #define HAVE_PTHREAD_MUTEX_T__DATA__KIND 1
| #define HAVE_EVENTFD 1
| #define HAVE_EVENTFD_READ 1
| #define HAVE_TLS 1
| #define STDC_HEADERS 1
| #define HAVE_ASM_UNISTD_H 1
| #define HAVE_ENDIAN_H 1
| #define HAVE_MQUEUE_H 1
| /* end confdefs.h.  */
| #include <stdio.h>
| #ifdef HAVE_SYS_TYPES_H
| # include <sys/types.h>
| #endif
| #ifdef HAVE_SYS_STAT_H
| # include <sys/stat.h>
| #endif
| #ifdef STDC_HEADERS
| # include <stdlib.h>
| # include <stddef.h>
| #else
| # ifdef HAVE_STDLIB_H
| #  include <stdlib.h>
| # endif
| #endif
| #ifdef HAVE_STRING_H
| # if !defined STDC_HEADERS && defined HAVE_MEMORY_H
| #  include <memory.h>
| # endif
| # include <string.h>
| #endif
| #ifdef HAVE_STRINGS_H
| # include <strings.h>
| #endif
| #ifdef HAVE_INTTYPES_H
| # include <inttypes.h>
| #endif
| #ifdef HAVE_STDINT_H
| # include <stdint.h>
| #endif
| #ifdef HAVE_UNISTD_H
| # include <unistd.h>
| #endif
| #include <sys/endian.h>
configure:8114: result: no
configure:8114: checking sys/endian.h presence
configure:8114: gcc -E  conftest.c
conftest.c:39:24: fatal error: sys/endian.h: No such file or directory
compilation terminated.
configure:8114: $? = 1
configure: failed program was:
| /* confdefs.h */
| #define PACKAGE_NAME "Valgrind"
| #define PACKAGE_TARNAME "valgrind"
| #define PACKAGE_VERSION "3.7.0"
| #define PACKAGE_STRING "Valgrind 3.7.0"
| #define PACKAGE_BUGREPORT "valgrind-users@lists.sourceforge.net"
| #define PACKAGE_URL ""
| #define PACKAGE "valgrind"
| #define VERSION "3.7.0"
| #define GDB_PATH "/usr/bin/gdb"
| #define KERNEL_2_6 1
| #define VG_TMPDIR "/tmp"
| #define STDC_HEADERS 1
| #define HAVE_SYS_TYPES_H 1
| #define HAVE_SYS_STAT_H 1
| #define HAVE_STDLIB_H 1
| #define HAVE_STRING_H 1
| #define HAVE_MEMORY_H 1
| #define HAVE_STRINGS_H 1
| #define HAVE_INTTYPES_H 1
| #define HAVE_STDINT_H 1
| #define HAVE_UNISTD_H 1
| #define GLIBC_2_15 1
| #define HAVE_CLOCK_MONOTONIC 1
| #define HAVE_PTHREAD_RWLOCK_T 1
| #define HAVE_PTHREAD_MUTEX_ADAPTIVE_NP 1
| #define HAVE_PTHREAD_MUTEX_ERRORCHECK_NP 1
| #define HAVE_PTHREAD_MUTEX_RECURSIVE_NP 1
| #define HAVE_PTHREAD_RECURSIVE_MUTEX_INITIALIZER_NP 1
| #define HAVE_PTHREAD_MUTEX_T__DATA__KIND 1
| #define HAVE_EVENTFD 1
| #define HAVE_EVENTFD_READ 1
| #define HAVE_TLS 1
| #define STDC_HEADERS 1
| #define HAVE_ASM_UNISTD_H 1
| #define HAVE_ENDIAN_H 1
| #define HAVE_MQUEUE_H 1
| /* end confdefs.h.  */
| #include <sys/endian.h>
configure:8114: result: no
configure:8114: checking for sys/endian.h
configure:8114: result: no
configure:8114: checking sys/epoll.h usability
configure:8114: gcc -c -Wno-long-long  -Wno-pointer-sign -fno-stack-protector  conftest.c >&5
configure:8114: $? = 0
configure:8114: result: yes
configure:8114: checking sys/epoll.h presence
configure:8114: gcc -E  conftest.c
configure:8114: $? = 0
configure:8114: result: yes
configure:8114: checking for sys/epoll.h
configure:8114: result: yes
configure:8114: checking sys/eventfd.h usability
configure:8114: gcc -c -Wno-long-long  -Wno-pointer-sign -fno-stack-protector  conftest.c >&5
configure:8114: $? = 0
configure:8114: result: yes
configure:8114: checking sys/eventfd.h presence
configure:8114: gcc -E  conftest.c
configure:8114: $? = 0
configure:8114: result: yes
configure:8114: checking for sys/eventfd.h
configure:8114: result: yes
configure:8114: checking sys/klog.h usability
configure:8114: gcc -c -Wno-long-long  -Wno-pointer-sign -fno-stack-protector  conftest.c >&5
configure:8114: $? = 0
configure:8114: result: yes
configure:8114: checking sys/klog.h presence
configure:8114: gcc -E  conftest.c
configure:8114: $? = 0
configure:8114: result: yes
configure:8114: checking for sys/klog.h
configure:8114: result: yes
configure:8114: checking sys/poll.h usability
configure:8114: gcc -c -Wno-long-long  -Wno-pointer-sign -fno-stack-protector  conftest.c >&5
configure:8114: $? = 0
configure:8114: result: yes
configure:8114: checking sys/poll.h presence
configure:8114: gcc -E  conftest.c
configure:8114: $? = 0
configure:8114: result: yes
configure:8114: checking for sys/poll.h
configure:8114: result: yes
configure:8114: checking sys/signal.h usability
configure:8114: gcc -c -Wno-long-long  -Wno-pointer-sign -fno-stack-protector  conftest.c >&5
configure:8114: $? = 0
configure:8114: result: yes
configure:8114: checking sys/signal.h presence
configure:8114: gcc -E  conftest.c
configure:8114: $? = 0
configure:8114: result: yes
configure:8114: checking for sys/signal.h
configure:8114: result: yes
configure:8114: checking sys/signalfd.h usability
configure:8114: gcc -c -Wno-long-long  -Wno-pointer-sign -fno-stack-protector  conftest.c >&5
configure:8114: $? = 0
configure:8114: result: yes
configure:8114: checking sys/signalfd.h presence
configure:8114: gcc -E  conftest.c
configure:8114: $? = 0
configure:8114: result: yes
configure:8114: checking for sys/signalfd.h
configure:8114: result: yes
configure:8114: checking sys/syscall.h usability
configure:8114: gcc -c -Wno-long-long  -Wno-pointer-sign -fno-stack-protector  conftest.c >&5
configure:8114: $? = 0
configure:8114: result: yes
configure:8114: checking sys/syscall.h presence
configure:8114: gcc -E  conftest.c
configure:8114: $? = 0
configure:8114: result: yes
configure:8114: checking for sys/syscall.h
configure:8114: result: yes
configure:8114: checking sys/time.h usability
configure:8114: gcc -c -Wno-long-long  -Wno-pointer-sign -fno-stack-protector  conftest.c >&5
configure:8114: $? = 0
configure:8114: result: yes
configure:8114: checking sys/time.h presence
configure:8114: gcc -E  conftest.c
configure:8114: $? = 0
configure:8114: result: yes
configure:8114: checking for sys/time.h
configure:8114: result: yes
configure:8114: checking for sys/types.h
configure:8114: result: yes
configure:8126: checking if <linux/futex.h> is usable
configure:8144: gcc -c -Wno-long-long  -Wno-pointer-sign -fno-stack-protector  conftest.c >&5
configure:8144: $? = 0
configure:8149: result: yes
configure:8163: checking for uid_t in sys/types.h
configure:8182: result: yes
configure:8193: checking for off_t
configure:8193: gcc -c -Wno-long-long  -Wno-pointer-sign -fno-stack-protector  conftest.c >&5
configure:8193: $? = 0
configure:8193: gcc -c -Wno-long-long  -Wno-pointer-sign -fno-stack-protector  conftest.c >&5
conftest.c: In function 'main':
conftest.c:85:20: error: expected expression before ')' token
configure:8193: $? = 1
configure: failed program was:
| /* confdefs.h */
| #define PACKAGE_NAME "Valgrind"
| #define PACKAGE_TARNAME "valgrind"
| #define PACKAGE_VERSION "3.7.0"
| #define PACKAGE_STRING "Valgrind 3.7.0"
| #define PACKAGE_BUGREPORT "valgrind-users@lists.sourceforge.net"
| #define PACKAGE_URL ""
| #define PACKAGE "valgrind"
| #define VERSION "3.7.0"
| #define GDB_PATH "/usr/bin/gdb"
| #define KERNEL_2_6 1
| #define VG_TMPDIR "/tmp"
| #define STDC_HEADERS 1
| #define HAVE_SYS_TYPES_H 1
| #define HAVE_SYS_STAT_H 1
| #define HAVE_STDLIB_H 1
| #define HAVE_STRING_H 1
| #define HAVE_MEMORY_H 1
| #define HAVE_STRINGS_H 1
| #define HAVE_INTTYPES_H 1
| #define HAVE_STDINT_H 1
| #define HAVE_UNISTD_H 1
| #define GLIBC_2_15 1
| #define HAVE_CLOCK_MONOTONIC 1
| #define HAVE_PTHREAD_RWLOCK_T 1
| #define HAVE_PTHREAD_MUTEX_ADAPTIVE_NP 1
| #define HAVE_PTHREAD_MUTEX_ERRORCHECK_NP 1
| #define HAVE_PTHREAD_MUTEX_RECURSIVE_NP 1
| #define HAVE_PTHREAD_RECURSIVE_MUTEX_INITIALIZER_NP 1
| #define HAVE_PTHREAD_MUTEX_T__DATA__KIND 1
| #define HAVE_EVENTFD 1
| #define HAVE_EVENTFD_READ 1
| #define HAVE_TLS 1
| #define STDC_HEADERS 1
| #define HAVE_ASM_UNISTD_H 1
| #define HAVE_ENDIAN_H 1
| #define HAVE_MQUEUE_H 1
| #define HAVE_SYS_EPOLL_H 1
| #define HAVE_SYS_EVENTFD_H 1
| #define HAVE_SYS_KLOG_H 1
| #define HAVE_SYS_POLL_H 1
| #define HAVE_SYS_SIGNAL_H 1
| #define HAVE_SYS_SIGNALFD_H 1
| #define HAVE_SYS_SYSCALL_H 1
| #define HAVE_SYS_TIME_H 1
| #define HAVE_SYS_TYPES_H 1
| #define HAVE_USABLE_LINUX_FUTEX_H 1
| /* end confdefs.h.  */
| #include <stdio.h>
| #ifdef HAVE_SYS_TYPES_H
| # include <sys/types.h>
| #endif
| #ifdef HAVE_SYS_STAT_H
| # include <sys/stat.h>
| #endif
| #ifdef STDC_HEADERS
| # include <stdlib.h>
| # include <stddef.h>
| #else
| # ifdef HAVE_STDLIB_H
| #  include <stdlib.h>
| # endif
| #endif
| #ifdef HAVE_STRING_H
| # if !defined STDC_HEADERS && defined HAVE_MEMORY_H
| #  include <memory.h>
| # endif
| # include <string.h>
| #endif
| #ifdef HAVE_STRINGS_H
| # include <strings.h>
| #endif
| #ifdef HAVE_INTTYPES_H
| # include <inttypes.h>
| #endif
| #ifdef HAVE_STDINT_H
| # include <stdint.h>
| #endif
| #ifdef HAVE_UNISTD_H
| # include <unistd.h>
| #endif
| int
| main ()
| {
| if (sizeof ((off_t)))
| 	    return 0;
|   ;
|   return 0;
| }
configure:8193: result: yes
configure:8204: checking for size_t
configure:8204: gcc -c -Wno-long-long  -Wno-pointer-sign -fno-stack-protector  conftest.c >&5
configure:8204: $? = 0
configure:8204: gcc -c -Wno-long-long  -Wno-pointer-sign -fno-stack-protector  conftest.c >&5
conftest.c: In function 'main':
conftest.c:85:21: error: expected expression before ')' token
configure:8204: $? = 1
configure: failed program was:
| /* confdefs.h */
| #define PACKAGE_NAME "Valgrind"
| #define PACKAGE_TARNAME "valgrind"
| #define PACKAGE_VERSION "3.7.0"
| #define PACKAGE_STRING "Valgrind 3.7.0"
| #define PACKAGE_BUGREPORT "valgrind-users@lists.sourceforge.net"
| #define PACKAGE_URL ""
| #define PACKAGE "valgrind"
| #define VERSION "3.7.0"
| #define GDB_PATH "/usr/bin/gdb"
| #define KERNEL_2_6 1
| #define VG_TMPDIR "/tmp"
| #define STDC_HEADERS 1
| #define HAVE_SYS_TYPES_H 1
| #define HAVE_SYS_STAT_H 1
| #define HAVE_STDLIB_H 1
| #define HAVE_STRING_H 1
| #define HAVE_MEMORY_H 1
| #define HAVE_STRINGS_H 1
| #define HAVE_INTTYPES_H 1
| #define HAVE_STDINT_H 1
| #define HAVE_UNISTD_H 1
| #define GLIBC_2_15 1
| #define HAVE_CLOCK_MONOTONIC 1
| #define HAVE_PTHREAD_RWLOCK_T 1
| #define HAVE_PTHREAD_MUTEX_ADAPTIVE_NP 1
| #define HAVE_PTHREAD_MUTEX_ERRORCHECK_NP 1
| #define HAVE_PTHREAD_MUTEX_RECURSIVE_NP 1
| #define HAVE_PTHREAD_RECURSIVE_MUTEX_INITIALIZER_NP 1
| #define HAVE_PTHREAD_MUTEX_T__DATA__KIND 1
| #define HAVE_EVENTFD 1
| #define HAVE_EVENTFD_READ 1
| #define HAVE_TLS 1
| #define STDC_HEADERS 1
| #define HAVE_ASM_UNISTD_H 1
| #define HAVE_ENDIAN_H 1
| #define HAVE_MQUEUE_H 1
| #define HAVE_SYS_EPOLL_H 1
| #define HAVE_SYS_EVENTFD_H 1
| #define HAVE_SYS_KLOG_H 1
| #define HAVE_SYS_POLL_H 1
| #define HAVE_SYS_SIGNAL_H 1
| #define HAVE_SYS_SIGNALFD_H 1
| #define HAVE_SYS_SYSCALL_H 1
| #define HAVE_SYS_TIME_H 1
| #define HAVE_SYS_TYPES_H 1
| #define HAVE_USABLE_LINUX_FUTEX_H 1
| /* end confdefs.h.  */
| #include <stdio.h>
| #ifdef HAVE_SYS_TYPES_H
| # include <sys/types.h>
| #endif
| #ifdef HAVE_SYS_STAT_H
| # include <sys/stat.h>
| #endif
| #ifdef STDC_HEADERS
| # include <stdlib.h>
| # include <stddef.h>
| #else
| # ifdef HAVE_STDLIB_H
| #  include <stdlib.h>
| # endif
| #endif
| #ifdef HAVE_STRING_H
| # if !defined STDC_HEADERS && defined HAVE_MEMORY_H
| #  include <memory.h>
| # endif
| # include <string.h>
| #endif
| #ifdef HAVE_STRINGS_H
| # include <strings.h>
| #endif
| #ifdef HAVE_INTTYPES_H
| # include <inttypes.h>
| #endif
| #ifdef HAVE_STDINT_H
| # include <stdint.h>
| #endif
| #ifdef HAVE_UNISTD_H
| # include <unistd.h>
| #endif
| int
| main ()
| {
| if (sizeof ((size_t)))
| 	    return 0;
|   ;
|   return 0;
| }
configure:8204: result: yes
configure:8215: checking whether time.h and sys/time.h may both be included
configure:8235: gcc -c -Wno-long-long  -Wno-pointer-sign -fno-stack-protector  conftest.c >&5
configure:8235: $? = 0
configure:8242: result: yes
configure:8255: checking for working memcmp
configure:8298: gcc -o conftest -Wno-long-long  -Wno-pointer-sign -fno-stack-protector   conftest.c  >&5
configure:8298: $? = 0
configure:8298: ./conftest
configure:8298: $? = 0
configure:8308: result: yes
configure:8323: checking for stdlib.h
configure:8323: result: yes
configure:8323: checking for unistd.h
configure:8323: result: yes
configure:8323: checking for sys/param.h
configure:8323: gcc -c -Wno-long-long  -Wno-pointer-sign -fno-stack-protector  conftest.c >&5
configure:8323: $? = 0
configure:8323: result: yes
configure:8343: checking for getpagesize
configure:8343: gcc -o conftest -Wno-long-long  -Wno-pointer-sign -fno-stack-protector   conftest.c  >&5
configure:8343: $? = 0
configure:8343: result: yes
configure:8352: checking for working mmap
configure:8499: gcc -o conftest -Wno-long-long  -Wno-pointer-sign -fno-stack-protector   conftest.c  >&5
configure:8499: $? = 0
configure:8499: ./conftest
configure:8499: $? = 0
configure:8509: result: yes
configure:8519: checking for pthread_create in -lpthread
configure:8544: gcc -o conftest -Wno-long-long  -Wno-pointer-sign -fno-stack-protector   conftest.c -lpthread   >&5
configure:8544: $? = 0
configure:8553: result: yes
configure:8564: checking for clock_gettime in -lrt
configure:8589: gcc -o conftest -Wno-long-long  -Wno-pointer-sign -fno-stack-protector   conftest.c -lrt  -lpthread  >&5
configure:8589: $? = 0
configure:8598: result: yes
configure:8642: checking for clock_gettime
configure:8642: gcc -o conftest -Wno-long-long  -Wno-pointer-sign -fno-stack-protector   conftest.c -lrt -lpthread  >&5
configure:8642: $? = 0
configure:8642: result: yes
configure:8642: checking for epoll_create
configure:8642: gcc -o conftest -Wno-long-long  -Wno-pointer-sign -fno-stack-protector   conftest.c -lrt -lpthread  >&5
configure:8642: $? = 0
configure:8642: result: yes
configure:8642: checking for epoll_pwait
configure:8642: gcc -o conftest -Wno-long-long  -Wno-pointer-sign -fno-stack-protector   conftest.c -lrt -lpthread  >&5
configure:8642: $? = 0
configure:8642: result: yes
configure:8642: checking for klogctl
configure:8642: gcc -o conftest -Wno-long-long  -Wno-pointer-sign -fno-stack-protector   conftest.c -lrt -lpthread  >&5
configure:8642: $? = 0
configure:8642: result: yes
configure:8642: checking for mallinfo
configure:8642: gcc -o conftest -Wno-long-long  -Wno-pointer-sign -fno-stack-protector   conftest.c -lrt -lpthread  >&5
configure:8642: $? = 0
configure:8642: result: yes
configure:8642: checking for memchr
configure:8642: gcc -o conftest -Wno-long-long  -Wno-pointer-sign -fno-stack-protector   conftest.c -lrt -lpthread  >&5
conftest.c:85:6: warning: conflicting types for built-in function 'memchr' [enabled by default]
configure:8642: $? = 0
configure:8642: result: yes
configure:8642: checking for memset
configure:8642: gcc -o conftest -Wno-long-long  -Wno-pointer-sign -fno-stack-protector   conftest.c -lrt -lpthread  >&5
conftest.c:86:6: warning: conflicting types for built-in function 'memset' [enabled by default]
configure:8642: $? = 0
configure:8642: result: yes
configure:8642: checking for mkdir
configure:8642: gcc -o conftest -Wno-long-long  -Wno-pointer-sign -fno-stack-protector   conftest.c -lrt -lpthread  >&5
configure:8642: $? = 0
configure:8642: result: yes
configure:8642: checking for mremap
configure:8642: gcc -o conftest -Wno-long-long  -Wno-pointer-sign -fno-stack-protector   conftest.c -lrt -lpthread  >&5
configure:8642: $? = 0
configure:8642: result: yes
configure:8642: checking for ppoll
configure:8642: gcc -o conftest -Wno-long-long  -Wno-pointer-sign -fno-stack-protector   conftest.c -lrt -lpthread  >&5
configure:8642: $? = 0
configure:8642: result: yes
configure:8642: checking for pthread_barrier_init
configure:8642: gcc -o conftest -Wno-long-long  -Wno-pointer-sign -fno-stack-protector   conftest.c -lrt -lpthread  >&5
configure:8642: $? = 0
configure:8642: result: yes
configure:8642: checking for pthread_condattr_setclock
configure:8642: gcc -o conftest -Wno-long-long  -Wno-pointer-sign -fno-stack-protector   conftest.c -lrt -lpthread  >&5
configure:8642: $? = 0
configure:8642: result: yes
configure:8642: checking for pthread_mutex_timedlock
configure:8642: gcc -o conftest -Wno-long-long  -Wno-pointer-sign -fno-stack-protector   conftest.c -lrt -lpthread  >&5
configure:8642: $? = 0
configure:8642: result: yes
configure:8642: checking for pthread_rwlock_timedrdlock
configure:8642: gcc -o conftest -Wno-long-long  -Wno-pointer-sign -fno-stack-protector   conftest.c -lrt -lpthread  >&5
configure:8642: $? = 0
configure:8642: result: yes
configure:8642: checking for pthread_rwlock_timedwrlock
configure:8642: gcc -o conftest -Wno-long-long  -Wno-pointer-sign -fno-stack-protector   conftest.c -lrt -lpthread  >&5
configure:8642: $? = 0
configure:8642: result: yes
configure:8642: checking for pthread_spin_lock
configure:8642: gcc -o conftest -Wno-long-long  -Wno-pointer-sign -fno-stack-protector   conftest.c -lrt -lpthread  >&5
configure:8642: $? = 0
configure:8642: result: yes
configure:8642: checking for pthread_yield
configure:8642: gcc -o conftest -Wno-long-long  -Wno-pointer-sign -fno-stack-protector   conftest.c -lrt -lpthread  >&5
configure:8642: $? = 0
configure:8642: result: yes
configure:8642: checking for readlinkat
configure:8642: gcc -o conftest -Wno-long-long  -Wno-pointer-sign -fno-stack-protector   conftest.c -lrt -lpthread  >&5
configure:8642: $? = 0
configure:8642: result: yes
configure:8642: checking for semtimedop
configure:8642: gcc -o conftest -Wno-long-long  -Wno-pointer-sign -fno-stack-protector   conftest.c -lrt -lpthread  >&5
configure:8642: $? = 0
configure:8642: result: yes
configure:8642: checking for signalfd
configure:8642: gcc -o conftest -Wno-long-long  -Wno-pointer-sign -fno-stack-protector   conftest.c -lrt -lpthread  >&5
configure:8642: $? = 0
configure:8642: result: yes
configure:8642: checking for sigwaitinfo
configure:8642: gcc -o conftest -Wno-long-long  -Wno-pointer-sign -fno-stack-protector   conftest.c -lrt -lpthread  >&5
configure:8642: $? = 0
configure:8642: result: yes
configure:8642: checking for strchr
configure:8642: gcc -o conftest -Wno-long-long  -Wno-pointer-sign -fno-stack-protector   conftest.c -lrt -lpthread  >&5
conftest.c:101:6: warning: conflicting types for built-in function 'strchr' [enabled by default]
configure:8642: $? = 0
configure:8642: result: yes
configure:8642: checking for strdup
configure:8642: gcc -o conftest -Wno-long-long  -Wno-pointer-sign -fno-stack-protector   conftest.c -lrt -lpthread  >&5
conftest.c:102:6: warning: conflicting types for built-in function 'strdup' [enabled by default]
configure:8642: $? = 0
configure:8642: result: yes
configure:8642: checking for strpbrk
configure:8642: gcc -o conftest -Wno-long-long  -Wno-pointer-sign -fno-stack-protector   conftest.c -lrt -lpthread  >&5
conftest.c:103:6: warning: conflicting types for built-in function 'strpbrk' [enabled by default]
configure:8642: $? = 0
configure:8642: result: yes
configure:8642: checking for strrchr
configure:8642: gcc -o conftest -Wno-long-long  -Wno-pointer-sign -fno-stack-protector   conftest.c -lrt -lpthread  >&5
conftest.c:104:6: warning: conflicting types for built-in function 'strrchr' [enabled by default]
configure:8642: $? = 0
configure:8642: result: yes
configure:8642: checking for strstr
configure:8642: gcc -o conftest -Wno-long-long  -Wno-pointer-sign -fno-stack-protector   conftest.c -lrt -lpthread  >&5
conftest.c:105:6: warning: conflicting types for built-in function 'strstr' [enabled by default]
configure:8642: $? = 0
configure:8642: result: yes
configure:8642: checking for syscall
configure:8642: gcc -o conftest -Wno-long-long  -Wno-pointer-sign -fno-stack-protector   conftest.c -lrt -lpthread  >&5
configure:8642: $? = 0
configure:8642: result: yes
configure:8642: checking for utimensat
configure:8642: gcc -o conftest -Wno-long-long  -Wno-pointer-sign -fno-stack-protector   conftest.c -lrt -lpthread  >&5
configure:8642: $? = 0
configure:8642: result: yes
configure:8722: checking primary target for usable MPI2-compliant C compiler and mpi.h
configure:8746: mpicc -o conftest -m64   conftest.c  >&5
./configure: line 1702: mpicc: command not found
configure:8746: $? = 127
configure: failed program was:
| /* confdefs.h */
| #define PACKAGE_NAME "Valgrind"
| #define PACKAGE_TARNAME "valgrind"
| #define PACKAGE_VERSION "3.7.0"
| #define PACKAGE_STRING "Valgrind 3.7.0"
| #define PACKAGE_BUGREPORT "valgrind-users@lists.sourceforge.net"
| #define PACKAGE_URL ""
| #define PACKAGE "valgrind"
| #define VERSION "3.7.0"
| #define GDB_PATH "/usr/bin/gdb"
| #define KERNEL_2_6 1
| #define VG_TMPDIR "/tmp"
| #define STDC_HEADERS 1
| #define HAVE_SYS_TYPES_H 1
| #define HAVE_SYS_STAT_H 1
| #define HAVE_STDLIB_H 1
| #define HAVE_STRING_H 1
| #define HAVE_MEMORY_H 1
| #define HAVE_STRINGS_H 1
| #define HAVE_INTTYPES_H 1
| #define HAVE_STDINT_H 1
| #define HAVE_UNISTD_H 1
| #define GLIBC_2_15 1
| #define HAVE_CLOCK_MONOTONIC 1
| #define HAVE_PTHREAD_RWLOCK_T 1
| #define HAVE_PTHREAD_MUTEX_ADAPTIVE_NP 1
| #define HAVE_PTHREAD_MUTEX_ERRORCHECK_NP 1
| #define HAVE_PTHREAD_MUTEX_RECURSIVE_NP 1
| #define HAVE_PTHREAD_RECURSIVE_MUTEX_INITIALIZER_NP 1
| #define HAVE_PTHREAD_MUTEX_T__DATA__KIND 1
| #define HAVE_EVENTFD 1
| #define HAVE_EVENTFD_READ 1
| #define HAVE_TLS 1
| #define STDC_HEADERS 1
| #define HAVE_ASM_UNISTD_H 1
| #define HAVE_ENDIAN_H 1
| #define HAVE_MQUEUE_H 1
| #define HAVE_SYS_EPOLL_H 1
| #define HAVE_SYS_EVENTFD_H 1
| #define HAVE_SYS_KLOG_H 1
| #define HAVE_SYS_POLL_H 1
| #define HAVE_SYS_SIGNAL_H 1
| #define HAVE_SYS_SIGNALFD_H 1
| #define HAVE_SYS_SYSCALL_H 1
| #define HAVE_SYS_TIME_H 1
| #define HAVE_SYS_TYPES_H 1
| #define HAVE_USABLE_LINUX_FUTEX_H 1
| #define TIME_WITH_SYS_TIME 1
| #define HAVE_STDLIB_H 1
| #define HAVE_UNISTD_H 1
| #define HAVE_SYS_PARAM_H 1
| #define HAVE_GETPAGESIZE 1
| #define HAVE_MMAP 1
| #define HAVE_LIBPTHREAD 1
| #define HAVE_LIBRT 1
| #define HAVE_CLOCK_GETTIME 1
| #define HAVE_EPOLL_CREATE 1
| #define HAVE_EPOLL_PWAIT 1
| #define HAVE_KLOGCTL 1
| #define HAVE_MALLINFO 1
| #define HAVE_MEMCHR 1
| #define HAVE_MEMSET 1
| #define HAVE_MKDIR 1
| #define HAVE_MREMAP 1
| #define HAVE_PPOLL 1
| #define HAVE_PTHREAD_BARRIER_INIT 1
| #define HAVE_PTHREAD_CONDATTR_SETCLOCK 1
| #define HAVE_PTHREAD_MUTEX_TIMEDLOCK 1
| #define HAVE_PTHREAD_RWLOCK_TIMEDRDLOCK 1
| #define HAVE_PTHREAD_RWLOCK_TIMEDWRLOCK 1
| #define HAVE_PTHREAD_SPIN_LOCK 1
| #define HAVE_PTHREAD_YIELD 1
| #define HAVE_READLINKAT 1
| #define HAVE_SEMTIMEDOP 1
| #define HAVE_SIGNALFD 1
| #define HAVE_SIGWAITINFO 1
| #define HAVE_STRCHR 1
| #define HAVE_STRDUP 1
| #define HAVE_STRPBRK 1
| #define HAVE_STRRCHR 1
| #define HAVE_STRSTR 1
| #define HAVE_SYSCALL 1
| #define HAVE_UTIMENSAT 1
| /* end confdefs.h.  */
| 
| #include <mpi.h>
| #include <stdio.h>
| 
| int
| main ()
| {
| 
|   int r = MPI_Init(NULL,NULL);
|   r |= MPI_Type_get_contents( MPI_INT, 0,0,0, NULL,NULL,NULL );
|   return r;
| 
|   ;
|   return 0;
| }
configure:8755: result: no
configure:8777: checking secondary target for usable MPI2-compliant C compiler and mpi.h
configure:8805: mpicc -o conftest -m32   conftest.c  >&5
./configure: line 1702: mpicc: command not found
configure:8805: $? = 127
configure: failed program was:
| /* confdefs.h */
| #define PACKAGE_NAME "Valgrind"
| #define PACKAGE_TARNAME "valgrind"
| #define PACKAGE_VERSION "3.7.0"
| #define PACKAGE_STRING "Valgrind 3.7.0"
| #define PACKAGE_BUGREPORT "valgrind-users@lists.sourceforge.net"
| #define PACKAGE_URL ""
| #define PACKAGE "valgrind"
| #define VERSION "3.7.0"
| #define GDB_PATH "/usr/bin/gdb"
| #define KERNEL_2_6 1
| #define VG_TMPDIR "/tmp"
| #define STDC_HEADERS 1
| #define HAVE_SYS_TYPES_H 1
| #define HAVE_SYS_STAT_H 1
| #define HAVE_STDLIB_H 1
| #define HAVE_STRING_H 1
| #define HAVE_MEMORY_H 1
| #define HAVE_STRINGS_H 1
| #define HAVE_INTTYPES_H 1
| #define HAVE_STDINT_H 1
| #define HAVE_UNISTD_H 1
| #define GLIBC_2_15 1
| #define HAVE_CLOCK_MONOTONIC 1
| #define HAVE_PTHREAD_RWLOCK_T 1
| #define HAVE_PTHREAD_MUTEX_ADAPTIVE_NP 1
| #define HAVE_PTHREAD_MUTEX_ERRORCHECK_NP 1
| #define HAVE_PTHREAD_MUTEX_RECURSIVE_NP 1
| #define HAVE_PTHREAD_RECURSIVE_MUTEX_INITIALIZER_NP 1
| #define HAVE_PTHREAD_MUTEX_T__DATA__KIND 1
| #define HAVE_EVENTFD 1
| #define HAVE_EVENTFD_READ 1
| #define HAVE_TLS 1
| #define STDC_HEADERS 1
| #define HAVE_ASM_UNISTD_H 1
| #define HAVE_ENDIAN_H 1
| #define HAVE_MQUEUE_H 1
| #define HAVE_SYS_EPOLL_H 1
| #define HAVE_SYS_EVENTFD_H 1
| #define HAVE_SYS_KLOG_H 1
| #define HAVE_SYS_POLL_H 1
| #define HAVE_SYS_SIGNAL_H 1
| #define HAVE_SYS_SIGNALFD_H 1
| #define HAVE_SYS_SYSCALL_H 1
| #define HAVE_SYS_TIME_H 1
| #define HAVE_SYS_TYPES_H 1
| #define HAVE_USABLE_LINUX_FUTEX_H 1
| #define TIME_WITH_SYS_TIME 1
| #define HAVE_STDLIB_H 1
| #define HAVE_UNISTD_H 1
| #define HAVE_SYS_PARAM_H 1
| #define HAVE_GETPAGESIZE 1
| #define HAVE_MMAP 1
| #define HAVE_LIBPTHREAD 1
| #define HAVE_LIBRT 1
| #define HAVE_CLOCK_GETTIME 1
| #define HAVE_EPOLL_CREATE 1
| #define HAVE_EPOLL_PWAIT 1
| #define HAVE_KLOGCTL 1
| #define HAVE_MALLINFO 1
| #define HAVE_MEMCHR 1
| #define HAVE_MEMSET 1
| #define HAVE_MKDIR 1
| #define HAVE_MREMAP 1
| #define HAVE_PPOLL 1
| #define HAVE_PTHREAD_BARRIER_INIT 1
| #define HAVE_PTHREAD_CONDATTR_SETCLOCK 1
| #define HAVE_PTHREAD_MUTEX_TIMEDLOCK 1
| #define HAVE_PTHREAD_RWLOCK_TIMEDRDLOCK 1
| #define HAVE_PTHREAD_RWLOCK_TIMEDWRLOCK 1
| #define HAVE_PTHREAD_SPIN_LOCK 1
| #define HAVE_PTHREAD_YIELD 1
| #define HAVE_READLINKAT 1
| #define HAVE_SEMTIMEDOP 1
| #define HAVE_SIGNALFD 1
| #define HAVE_SIGWAITINFO 1
| #define HAVE_STRCHR 1
| #define HAVE_STRDUP 1
| #define HAVE_STRPBRK 1
| #define HAVE_STRRCHR 1
| #define HAVE_STRSTR 1
| #define HAVE_SYSCALL 1
| #define HAVE_UTIMENSAT 1
| /* end confdefs.h.  */
| 
| #include <mpi.h>
| #include <stdio.h>
| 
| int
| main ()
| {
| 
|   int r = MPI_Init(NULL,NULL);
|   r |= MPI_Type_get_contents( MPI_INT, 0,0,0, NULL,NULL,NULL );
|   return r;
| 
|   ;
|   return 0;
| }
configure:8814: result: no
configure:8854: checking for boost
configure:8880: g++ -o conftest -lboost_thread-mt -m64   conftest.cpp  >&5
conftest.cpp:86:28: fatal error: boost/thread.hpp: No such file or directory
compilation terminated.
configure:8880: $? = 1
configure: failed program was:
| /* confdefs.h */
| #define PACKAGE_NAME "Valgrind"
| #define PACKAGE_TARNAME "valgrind"
| #define PACKAGE_VERSION "3.7.0"
| #define PACKAGE_STRING "Valgrind 3.7.0"
| #define PACKAGE_BUGREPORT "valgrind-users@lists.sourceforge.net"
| #define PACKAGE_URL ""
| #define PACKAGE "valgrind"
| #define VERSION "3.7.0"
| #define GDB_PATH "/usr/bin/gdb"
| #define KERNEL_2_6 1
| #define VG_TMPDIR "/tmp"
| #define STDC_HEADERS 1
| #define HAVE_SYS_TYPES_H 1
| #define HAVE_SYS_STAT_H 1
| #define HAVE_STDLIB_H 1
| #define HAVE_STRING_H 1
| #define HAVE_MEMORY_H 1
| #define HAVE_STRINGS_H 1
| #define HAVE_INTTYPES_H 1
| #define HAVE_STDINT_H 1
| #define HAVE_UNISTD_H 1
| #define GLIBC_2_15 1
| #define HAVE_CLOCK_MONOTONIC 1
| #define HAVE_PTHREAD_RWLOCK_T 1
| #define HAVE_PTHREAD_MUTEX_ADAPTIVE_NP 1
| #define HAVE_PTHREAD_MUTEX_ERRORCHECK_NP 1
| #define HAVE_PTHREAD_MUTEX_RECURSIVE_NP 1
| #define HAVE_PTHREAD_RECURSIVE_MUTEX_INITIALIZER_NP 1
| #define HAVE_PTHREAD_MUTEX_T__DATA__KIND 1
| #define HAVE_EVENTFD 1
| #define HAVE_EVENTFD_READ 1
| #define HAVE_TLS 1
| #define STDC_HEADERS 1
| #define HAVE_ASM_UNISTD_H 1
| #define HAVE_ENDIAN_H 1
| #define HAVE_MQUEUE_H 1
| #define HAVE_SYS_EPOLL_H 1
| #define HAVE_SYS_EVENTFD_H 1
| #define HAVE_SYS_KLOG_H 1
| #define HAVE_SYS_POLL_H 1
| #define HAVE_SYS_SIGNAL_H 1
| #define HAVE_SYS_SIGNALFD_H 1
| #define HAVE_SYS_SYSCALL_H 1
| #define HAVE_SYS_TIME_H 1
| #define HAVE_SYS_TYPES_H 1
| #define HAVE_USABLE_LINUX_FUTEX_H 1
| #define TIME_WITH_SYS_TIME 1
| #define HAVE_STDLIB_H 1
| #define HAVE_UNISTD_H 1
| #define HAVE_SYS_PARAM_H 1
| #define HAVE_GETPAGESIZE 1
| #define HAVE_MMAP 1
| #define HAVE_LIBPTHREAD 1
| #define HAVE_LIBRT 1
| #define HAVE_CLOCK_GETTIME 1
| #define HAVE_EPOLL_CREATE 1
| #define HAVE_EPOLL_PWAIT 1
| #define HAVE_KLOGCTL 1
| #define HAVE_MALLINFO 1
| #define HAVE_MEMCHR 1
| #define HAVE_MEMSET 1
| #define HAVE_MKDIR 1
| #define HAVE_MREMAP 1
| #define HAVE_PPOLL 1
| #define HAVE_PTHREAD_BARRIER_INIT 1
| #define HAVE_PTHREAD_CONDATTR_SETCLOCK 1
| #define HAVE_PTHREAD_MUTEX_TIMEDLOCK 1
| #define HAVE_PTHREAD_RWLOCK_TIMEDRDLOCK 1
| #define HAVE_PTHREAD_RWLOCK_TIMEDWRLOCK 1
| #define HAVE_PTHREAD_SPIN_LOCK 1
| #define HAVE_PTHREAD_YIELD 1
| #define HAVE_READLINKAT 1
| #define HAVE_SEMTIMEDOP 1
| #define HAVE_SIGNALFD 1
| #define HAVE_SIGWAITINFO 1
| #define HAVE_STRCHR 1
| #define HAVE_STRDUP 1
| #define HAVE_STRPBRK 1
| #define HAVE_STRRCHR 1
| #define HAVE_STRSTR 1
| #define HAVE_SYSCALL 1
| #define HAVE_UTIMENSAT 1
| /* end confdefs.h.  */
| 
| #include <boost/thread.hpp>
| static void thread_func(void)
| { }
| int main(int argc, char** argv)
| {
|   boost::thread t(thread_func);
|   return 0;
| }
| 
configure:8892: result: no
configure:8920: checking for OpenMP
configure:8937: gcc -o conftest -fopenmp -m64   conftest.c  >&5
configure:8937: $? = 0
configure:8940: result: yes
configure:8965: checking if gcc supports __sync_bool_compare_and_swap
configure:8986: gcc -o conftest -m64   conftest.c  >&5
configure:8986: $? = 0
configure:8989: result: yes
configure:9017: checking if g++ supports __sync_bool_compare_and_swap
configure:9044: g++ -o conftest -m64   conftest.cpp  >&5
configure:9044: $? = 0
configure:9047: result: yes
configure:9377: creating ./config.status

## ---------------------- ##
## Running config.status. ##
## ---------------------- ##

This file was extended by Valgrind config.status 3.7.0, which was
generated by GNU Autoconf 2.68.  Invocation command line was

  CONFIG_FILES    = 
  CONFIG_HEADERS  = 
  CONFIG_LINKS    = 
  CONFIG_COMMANDS = 
  $ ./config.status 

on azbest

config.status:1124: creating Makefile
config.status:1124: creating VEX/Makefile
config.status:1124: creating valgrind.spec
config.status:1124: creating valgrind.pc
config.status:1124: creating glibc-2.X.supp
config.status:1124: creating docs/Makefile
config.status:1124: creating tests/Makefile
config.status:1124: creating tests/vg_regtest
config.status:1124: creating perf/Makefile
config.status:1124: creating perf/vg_perf
config.status:1124: creating gdbserver_tests/Makefile
config.status:1124: creating include/Makefile
config.status:1124: creating auxprogs/Makefile
config.status:1124: creating mpi/Makefile
config.status:1124: creating coregrind/Makefile
config.status:1124: creating memcheck/Makefile
config.status:1124: creating memcheck/tests/Makefile
config.status:1124: creating memcheck/tests/amd64/Makefile
config.status:1124: creating memcheck/tests/x86/Makefile
config.status:1124: creating memcheck/tests/linux/Makefile
config.status:1124: creating memcheck/tests/darwin/Makefile
config.status:1124: creating memcheck/tests/amd64-linux/Makefile
config.status:1124: creating memcheck/tests/x86-linux/Makefile
config.status:1124: creating memcheck/tests/ppc32/Makefile
config.status:1124: creating memcheck/tests/ppc64/Makefile
config.status:1124: creating memcheck/perf/Makefile
config.status:1124: creating cachegrind/Makefile
config.status:1124: creating cachegrind/tests/Makefile
config.status:1124: creating cachegrind/tests/x86/Makefile
config.status:1124: creating cachegrind/cg_annotate
config.status:1124: creating cachegrind/cg_diff
config.status:1124: creating callgrind/Makefile
config.status:1124: creating callgrind/callgrind_annotate
config.status:1124: creating callgrind/callgrind_control
config.status:1124: creating callgrind/tests/Makefile
config.status:1124: creating freya/Makefile
config.status:1124: creating freya/tests/Makefile
config.status:1124: creating helgrind/Makefile
config.status:1124: creating helgrind/tests/Makefile
config.status:1124: creating massif/Makefile
config.status:1124: creating massif/tests/Makefile
config.status:1124: creating massif/perf/Makefile
config.status:1124: creating massif/ms_print
config.status:1124: creating lackey/Makefile
config.status:1124: creating lackey/tests/Makefile
config.status:1124: creating none/Makefile
config.status:1124: creating none/tests/Makefile
config.status:1124: creating none/tests/amd64/Makefile
config.status:1124: creating none/tests/ppc32/Makefile
config.status:1124: creating none/tests/ppc64/Makefile
config.status:1124: creating none/tests/x86/Makefile
config.status:1124: creating none/tests/arm/Makefile
config.status:1124: creating none/tests/s390x/Makefile
config.status:1124: creating none/tests/linux/Makefile
config.status:1124: creating none/tests/darwin/Makefile
config.status:1124: creating none/tests/x86-linux/Makefile
config.status:1124: creating exp-sgcheck/Makefile
config.status:1124: creating exp-sgcheck/tests/Makefile
config.status:1124: creating drd/Makefile
config.status:1124: creating drd/scripts/download-and-build-splash2
config.status:1124: creating drd/tests/Makefile
config.status:1124: creating exp-bbv/Makefile
config.status:1124: creating exp-bbv/tests/Makefile
config.status:1124: creating exp-bbv/tests/x86/Makefile
config.status:1124: creating exp-bbv/tests/x86-linux/Makefile
config.status:1124: creating exp-bbv/tests/amd64-linux/Makefile
config.status:1124: creating exp-bbv/tests/ppc32-linux/Makefile
config.status:1124: creating exp-bbv/tests/arm-linux/Makefile
config.status:1124: creating exp-dhat/Makefile
config.status:1124: creating exp-dhat/tests/Makefile
config.status:1124: creating coregrind/link_tool_exe_linux
config.status:1124: creating coregrind/link_tool_exe_darwin
config.status:1124: creating config.h
config.status:1353: executing depfiles commands

## ---------------- ##
## Cache variables. ##
## ---------------- ##

ac_cv_build=x86_64-unknown-linux-gnu
ac_cv_c_compiler_gnu=yes
ac_cv_cxx_compiler_gnu=yes
ac_cv_env_AR_set=
ac_cv_env_AR_value=
ac_cv_env_CCASFLAGS_set=
ac_cv_env_CCASFLAGS_value=
ac_cv_env_CCAS_set=
ac_cv_env_CCAS_value=
ac_cv_env_CCC_set=
ac_cv_env_CCC_value=
ac_cv_env_CC_set=
ac_cv_env_CC_value=
ac_cv_env_CFLAGS_set=
ac_cv_env_CFLAGS_value=
ac_cv_env_CPPFLAGS_set=
ac_cv_env_CPPFLAGS_value=
ac_cv_env_CPP_set=
ac_cv_env_CPP_value=
ac_cv_env_CXXFLAGS_set=
ac_cv_env_CXXFLAGS_value=
ac_cv_env_CXX_set=
ac_cv_env_CXX_value=
ac_cv_env_LDFLAGS_set=
ac_cv_env_LDFLAGS_value=
ac_cv_env_LIBS_set=
ac_cv_env_LIBS_value=
ac_cv_env_build_alias_set=
ac_cv_env_build_alias_value=
ac_cv_env_host_alias_set=
ac_cv_env_host_alias_value=
ac_cv_env_target_alias_set=
ac_cv_env_target_alias_value=
ac_cv_func_clock_gettime=yes
ac_cv_func_epoll_create=yes
ac_cv_func_epoll_pwait=yes
ac_cv_func_getpagesize=yes
ac_cv_func_klogctl=yes
ac_cv_func_mallinfo=yes
ac_cv_func_memchr=yes
ac_cv_func_memcmp_working=yes
ac_cv_func_memset=yes
ac_cv_func_mkdir=yes
ac_cv_func_mmap_fixed_mapped=yes
ac_cv_func_mremap=yes
ac_cv_func_ppoll=yes
ac_cv_func_pthread_barrier_init=yes
ac_cv_func_pthread_condattr_setclock=yes
ac_cv_func_pthread_mutex_timedlock=yes
ac_cv_func_pthread_rwlock_timedrdlock=yes
ac_cv_func_pthread_rwlock_timedwrlock=yes
ac_cv_func_pthread_spin_lock=yes
ac_cv_func_pthread_yield=yes
ac_cv_func_readlinkat=yes
ac_cv_func_semtimedop=yes
ac_cv_func_signalfd=yes
ac_cv_func_sigwaitinfo=yes
ac_cv_func_strchr=yes
ac_cv_func_strdup=yes
ac_cv_func_strpbrk=yes
ac_cv_func_strrchr=yes
ac_cv_func_strstr=yes
ac_cv_func_syscall=yes
ac_cv_func_utimensat=yes
ac_cv_header_asm_unistd_h=yes
ac_cv_header_endian_h=yes
ac_cv_header_features_h=yes
ac_cv_header_inttypes_h=yes
ac_cv_header_memory_h=yes
ac_cv_header_mqueue_h=yes
ac_cv_header_stdc=yes
ac_cv_header_stdint_h=yes
ac_cv_header_stdlib_h=yes
ac_cv_header_string_h=yes
ac_cv_header_strings_h=yes
ac_cv_header_sys_endian_h=no
ac_cv_header_sys_epoll_h=yes
ac_cv_header_sys_eventfd_h=yes
ac_cv_header_sys_klog_h=yes
ac_cv_header_sys_param_h=yes
ac_cv_header_sys_poll_h=yes
ac_cv_header_sys_signal_h=yes
ac_cv_header_sys_signalfd_h=yes
ac_cv_header_sys_stat_h=yes
ac_cv_header_sys_syscall_h=yes
ac_cv_header_sys_time_h=yes
ac_cv_header_sys_types_h=yes
ac_cv_header_time=yes
ac_cv_header_unistd_h=yes
ac_cv_host=x86_64-unknown-linux-gnu
ac_cv_lib_pthread_pthread_create=yes
ac_cv_lib_rt_clock_gettime=yes
ac_cv_member_pthread_mutex_t___data___kind=yes
ac_cv_member_pthread_mutex_t___m_kind=no
ac_cv_objext=o
ac_cv_path_AR=/usr/bin/ar
ac_cv_path_EGREP='/bin/grep -E'
ac_cv_path_GDB=/usr/bin/gdb
ac_cv_path_GREP=/bin/grep
ac_cv_path_PERL=/usr/bin/perl
ac_cv_path_SED=/bin/sed
ac_cv_path_install='/usr/bin/install -c'
ac_cv_path_mkdir=/bin/mkdir
ac_cv_prog_AWK=gawk
ac_cv_prog_CPP='gcc -E'
ac_cv_prog_ac_ct_CC=gcc
ac_cv_prog_ac_ct_CXX=g++
ac_cv_prog_ac_ct_RANLIB=ranlib
ac_cv_prog_cc_c89=
ac_cv_prog_cc_g=yes
ac_cv_prog_cc_gcc_c_o=yes
ac_cv_prog_cxx_g=yes
ac_cv_prog_make_make_set=yes
ac_cv_type_off_t=yes
ac_cv_type_size_t=yes
ac_cv_type_uid_t=yes
am_cv_CCAS_dependencies_compiler_type=gcc3
am_cv_CC_dependencies_compiler_type=gcc3
am_cv_CXX_dependencies_compiler_type=gcc3
vg_cv_inner=no
vg_cv_linktime_tls=yes
vg_cv_only32bit=no
vg_cv_only64bit=no
vg_cv_tls=yes

## ----------------- ##
## Output variables. ##
## ----------------- ##

ACLOCAL='${SHELL} /home/azbest/profiling/valgrind-3.7.0/missing --run aclocal-1.11'
AMDEPBACKSLASH='\'
AMDEP_FALSE='#'
AMDEP_TRUE=''
AMTAR='${SHELL} /home/azbest/profiling/valgrind-3.7.0/missing --run tar'
AR='/usr/bin/ar'
AUTOCONF='${SHELL} /home/azbest/profiling/valgrind-3.7.0/missing --run autoconf'
AUTOHEADER='${SHELL} /home/azbest/profiling/valgrind-3.7.0/missing --run autoheader'
AUTOMAKE='${SHELL} /home/azbest/profiling/valgrind-3.7.0/missing --run automake-1.11'
AWK='gawk'
BOOST_CFLAGS=''
BOOST_LIBS=''
BUILD_LZCNT_TESTS_FALSE='#'
BUILD_LZCNT_TESTS_TRUE=''
BUILD_MPIWRAP_PRI_FALSE=''
BUILD_MPIWRAP_PRI_TRUE='#'
BUILD_MPIWRAP_SEC_FALSE=''
BUILD_MPIWRAP_SEC_TRUE='#'
BUILD_PCLMULQDQ_TESTS_FALSE='#'
BUILD_PCLMULQDQ_TESTS_TRUE=''
BUILD_SSE3_TESTS_FALSE='#'
BUILD_SSE3_TESTS_TRUE=''
BUILD_SSE42_TESTS_FALSE='#'
BUILD_SSE42_TESTS_TRUE=''
BUILD_SSSE3_TESTS_FALSE='#'
BUILD_SSSE3_TESTS_TRUE=''
CC='gcc'
CCAS='gcc'
CCASDEPMODE='depmode=gcc3'
CCASFLAGS='-Wno-long-long '
CCDEPMODE='depmode=gcc3'
CFLAGS='-Wno-long-long  -Wno-pointer-sign -fno-stack-protector'
CPP='gcc -E'
CPPFLAGS=''
CXX='g++'
CXXDEPMODE='depmode=gcc3'
CXXFLAGS='-g -O2'
CYGPATH_W='echo'
DEFAULT_SUPP='exp-sgcheck.supp xfree-3.supp xfree-4.supp glibc-2.X-drd.supp glibc-2.34567-NPTL-helgrind.supp glibc-2.X.supp '
DEFS='-DHAVE_CONFIG_H'
DEPDIR='.deps'
DIFF='diff -u'
ECHO_C=''
ECHO_N='-n'
ECHO_T=''
EGREP='/bin/grep -E'
EXEEXT=''
FLAG_FNO_STACK_PROTECTOR='-fno-stack-protector'
FLAG_M32='-m32'
FLAG_M64='-m64'
FLAG_MMMX='-mmmx'
FLAG_MSSE='-msse'
FLAG_NO_BUILD_ID='-Wl,--build-id=none'
FLAG_UNLIMITED_INLINE_UNIT_GROWTH='--param inline-unit-growth=900'
FLAG_W_EXTRA='-Wextra'
FLAG_W_NO_EMPTY_BODY='-Wno-empty-body'
FLAG_W_NO_FORMAT_ZERO_LENGTH='-Wno-format-zero-length'
FLAG_W_NO_NONNULL='-Wno-nonnull'
FLAG_W_NO_OVERFLOW='-Wno-overflow'
FLAG_W_NO_UNINITIALIZED='-Wno-uninitialized'
GDB='/usr/bin/gdb'
GLIBC_VERSION='2.15'
GREP='/bin/grep'
HAS_ALTIVEC_FALSE=''
HAS_ALTIVEC_TRUE='#'
HAS_VSX_FALSE=''
HAS_VSX_TRUE='#'
HAVE_BOOST_1_35_FALSE=''
HAVE_BOOST_1_35_TRUE='#'
HAVE_BUILTIN_ATOMIC_CXX_FALSE='#'
HAVE_BUILTIN_ATOMIC_CXX_TRUE=''
HAVE_BUILTIN_ATOMIC_FALSE='#'
HAVE_BUILTIN_ATOMIC_TRUE=''
HAVE_OPENMP_FALSE='#'
HAVE_OPENMP_TRUE=''
HAVE_PTHREAD_BARRIER_FALSE='#'
HAVE_PTHREAD_BARRIER_TRUE=''
HAVE_PTHREAD_CREATE_GLIBC_2_0_FALSE=''
HAVE_PTHREAD_CREATE_GLIBC_2_0_TRUE='#'
HAVE_PTHREAD_MUTEX_TIMEDLOCK_FALSE='#'
HAVE_PTHREAD_MUTEX_TIMEDLOCK_TRUE=''
HAVE_PTHREAD_SPINLOCK_FALSE='#'
HAVE_PTHREAD_SPINLOCK_TRUE=''
INSTALL_DATA='${INSTALL} -m 644'
INSTALL_PROGRAM='${INSTALL}'
INSTALL_SCRIPT='${INSTALL}'
INSTALL_STRIP_PROGRAM='$(install_sh) -c -s'
LDFLAGS=''
LIBOBJS=''
LIBS=''
LN_S='ln -s'
LTLIBOBJS=''
MAINT='#'
MAINTAINER_MODE_FALSE=''
MAINTAINER_MODE_TRUE='#'
MAKEINFO='${SHELL} /home/azbest/profiling/valgrind-3.7.0/missing --run makeinfo'
MKDIR_P='/bin/mkdir -p'
MPI_CC='mpicc'
OBJEXT='o'
PACKAGE='valgrind'
PACKAGE_BUGREPORT='valgrind-users@lists.sourceforge.net'
PACKAGE_NAME='Valgrind'
PACKAGE_STRING='Valgrind 3.7.0'
PACKAGE_TARNAME='valgrind'
PACKAGE_URL=''
PACKAGE_VERSION='3.7.0'
PATH_SEPARATOR=':'
PERL='/usr/bin/perl'
PREFERRED_STACK_BOUNDARY=''
RANLIB='ranlib'
SED='/bin/sed'
SET_MAKE=''
SHELL='/bin/bash'
STRIP=''
VALT_LOAD_ADDRESS_PRI='0x38000000'
VALT_LOAD_ADDRESS_SEC='0x38000000'
VERSION='3.7.0'
VGCONF_ARCHS_INCLUDE_AMD64_FALSE='#'
VGCONF_ARCHS_INCLUDE_AMD64_TRUE=''
VGCONF_ARCHS_INCLUDE_ARM_FALSE=''
VGCONF_ARCHS_INCLUDE_ARM_TRUE='#'
VGCONF_ARCHS_INCLUDE_PPC32_FALSE=''
VGCONF_ARCHS_INCLUDE_PPC32_TRUE='#'
VGCONF_ARCHS_INCLUDE_PPC64_FALSE=''
VGCONF_ARCHS_INCLUDE_PPC64_TRUE='#'
VGCONF_ARCHS_INCLUDE_S390X_FALSE=''
VGCONF_ARCHS_INCLUDE_S390X_TRUE='#'
VGCONF_ARCHS_INCLUDE_X86_FALSE='#'
VGCONF_ARCHS_INCLUDE_X86_TRUE=''
VGCONF_ARCH_PRI='amd64'
VGCONF_ARCH_SEC='x86'
VGCONF_HAVE_PLATFORM_SEC_FALSE='#'
VGCONF_HAVE_PLATFORM_SEC_TRUE=''
VGCONF_OS='linux'
VGCONF_OS_IS_DARWIN_FALSE=''
VGCONF_OS_IS_DARWIN_TRUE='#'
VGCONF_OS_IS_LINUX_FALSE='#'
VGCONF_OS_IS_LINUX_TRUE=''
VGCONF_PLATFORMS_INCLUDE_AMD64_DARWIN_FALSE=''
VGCONF_PLATFORMS_INCLUDE_AMD64_DARWIN_TRUE='#'
VGCONF_PLATFORMS_INCLUDE_AMD64_LINUX_FALSE='#'
VGCONF_PLATFORMS_INCLUDE_AMD64_LINUX_TRUE=''
VGCONF_PLATFORMS_INCLUDE_ARM_LINUX_FALSE=''
VGCONF_PLATFORMS_INCLUDE_ARM_LINUX_TRUE='#'
VGCONF_PLATFORMS_INCLUDE_PPC32_LINUX_FALSE=''
VGCONF_PLATFORMS_INCLUDE_PPC32_LINUX_TRUE='#'
VGCONF_PLATFORMS_INCLUDE_PPC64_LINUX_FALSE=''
VGCONF_PLATFORMS_INCLUDE_PPC64_LINUX_TRUE='#'
VGCONF_PLATFORMS_INCLUDE_S390X_LINUX_FALSE=''
VGCONF_PLATFORMS_INCLUDE_S390X_LINUX_TRUE='#'
VGCONF_PLATFORMS_INCLUDE_X86_DARWIN_FALSE=''
VGCONF_PLATFORMS_INCLUDE_X86_DARWIN_TRUE='#'
VGCONF_PLATFORMS_INCLUDE_X86_LINUX_FALSE='#'
VGCONF_PLATFORMS_INCLUDE_X86_LINUX_TRUE=''
VGCONF_PLATFORM_PRI_CAPS='AMD64_LINUX'
VGCONF_PLATFORM_SEC_CAPS='X86_LINUX'
VGCONF_PLATVARIANT='vanilla'
VGCONF_PLATVARIANT_IS_ANDROID_FALSE=''
VGCONF_PLATVARIANT_IS_ANDROID_TRUE='#'
VGCONF_PLATVARIANT_IS_VANILLA_FALSE='#'
VGCONF_PLATVARIANT_IS_VANILLA_TRUE=''
ac_ct_CC='gcc'
ac_ct_CXX='g++'
am__EXEEXT_FALSE=''
am__EXEEXT_TRUE='#'
am__fastdepCCAS_FALSE='#'
am__fastdepCCAS_TRUE=''
am__fastdepCC_FALSE='#'
am__fastdepCC_TRUE=''
am__fastdepCXX_FALSE='#'
am__fastdepCXX_TRUE=''
am__include='include'
am__isrc=''
am__leading_dot='.'
am__quote=''
am__tar='${AMTAR} chof - "$$tardir"'
am__untar='${AMTAR} xf -'
bindir='${exec_prefix}/bin'
build='x86_64-unknown-linux-gnu'
build_alias=''
build_cpu='x86_64'
build_os='linux-gnu'
build_vendor='unknown'
datadir='${datarootdir}'
datarootdir='${prefix}/share'
docdir='${datarootdir}/doc/${PACKAGE_TARNAME}'
dvidir='${docdir}'
exec_prefix='${prefix}'
host='x86_64-unknown-linux-gnu'
host_alias=''
host_cpu='x86_64'
host_os='linux-gnu'
host_vendor='unknown'
htmldir='${docdir}'
includedir='${prefix}/include'
infodir='${datarootdir}/info'
install_sh='${SHELL} /home/azbest/profiling/valgrind-3.7.0/install-sh'
libdir='${exec_prefix}/lib'
libexecdir='${exec_prefix}/libexec'
localedir='${datarootdir}/locale'
localstatedir='${prefix}/var'
mandir='${datarootdir}/man'
mkdir_p='/bin/mkdir -p'
oldincludedir='/usr/include'
pdfdir='${docdir}'
prefix='/home/azbest/profiling/valgrind-3.7.0/inst'
program_transform_name='s,x,x,'
psdir='${docdir}'
sbindir='${exec_prefix}/sbin'
sharedstatedir='${prefix}/com'
sysconfdir='${prefix}/etc'
target_alias=''

## ----------- ##
## confdefs.h. ##
## ----------- ##

/* confdefs.h */
#define PACKAGE_NAME "Valgrind"
#define PACKAGE_TARNAME "valgrind"
#define PACKAGE_VERSION "3.7.0"
#define PACKAGE_STRING "Valgrind 3.7.0"
#define PACKAGE_BUGREPORT "valgrind-users@lists.sourceforge.net"
#define PACKAGE_URL ""
#define PACKAGE "valgrind"
#define VERSION "3.7.0"
#define GDB_PATH "/usr/bin/gdb"
#define KERNEL_2_6 1
#define VG_TMPDIR "/tmp"
#define STDC_HEADERS 1
#define HAVE_SYS_TYPES_H 1
#define HAVE_SYS_STAT_H 1
#define HAVE_STDLIB_H 1
#define HAVE_STRING_H 1
#define HAVE_MEMORY_H 1
#define HAVE_STRINGS_H 1
#define HAVE_INTTYPES_H 1
#define HAVE_STDINT_H 1
#define HAVE_UNISTD_H 1
#define GLIBC_2_15 1
#define HAVE_CLOCK_MONOTONIC 1
#define HAVE_PTHREAD_RWLOCK_T 1
#define HAVE_PTHREAD_MUTEX_ADAPTIVE_NP 1
#define HAVE_PTHREAD_MUTEX_ERRORCHECK_NP 1
#define HAVE_PTHREAD_MUTEX_RECURSIVE_NP 1
#define HAVE_PTHREAD_RECURSIVE_MUTEX_INITIALIZER_NP 1
#define HAVE_PTHREAD_MUTEX_T__DATA__KIND 1
#define HAVE_EVENTFD 1
#define HAVE_EVENTFD_READ 1
#define HAVE_TLS 1
#define STDC_HEADERS 1
#define HAVE_ASM_UNISTD_H 1
#define HAVE_ENDIAN_H 1
#define HAVE_MQUEUE_H 1
#define HAVE_SYS_EPOLL_H 1
#define HAVE_SYS_EVENTFD_H 1
#define HAVE_SYS_KLOG_H 1
#define HAVE_SYS_POLL_H 1
#define HAVE_SYS_SIGNAL_H 1
#define HAVE_SYS_SIGNALFD_H 1
#define HAVE_SYS_SYSCALL_H 1
#define HAVE_SYS_TIME_H 1
#define HAVE_SYS_TYPES_H 1
#define HAVE_USABLE_LINUX_FUTEX_H 1
#define TIME_WITH_SYS_TIME 1
#define HAVE_STDLIB_H 1
#define HAVE_UNISTD_H 1
#define HAVE_SYS_PARAM_H 1
#define HAVE_GETPAGESIZE 1
#define HAVE_MMAP 1
#define HAVE_LIBPTHREAD 1
#define HAVE_LIBRT 1
#define HAVE_CLOCK_GETTIME 1
#define HAVE_EPOLL_CREATE 1
#define HAVE_EPOLL_PWAIT 1
#define HAVE_KLOGCTL 1
#define HAVE_MALLINFO 1
#define HAVE_MEMCHR 1
#define HAVE_MEMSET 1
#define HAVE_MKDIR 1
#define HAVE_MREMAP 1
#define HAVE_PPOLL 1
#define HAVE_PTHREAD_BARRIER_INIT 1
#define HAVE_PTHREAD_CONDATTR_SETCLOCK 1
#define HAVE_PTHREAD_MUTEX_TIMEDLOCK 1
#define HAVE_PTHREAD_RWLOCK_TIMEDRDLOCK 1
#define HAVE_PTHREAD_RWLOCK_TIMEDWRLOCK 1
#define HAVE_PTHREAD_SPIN_LOCK 1
#define HAVE_PTHREAD_YIELD 1
#define HAVE_READLINKAT 1
#define HAVE_SEMTIMEDOP 1
#define HAVE_SIGNALFD 1
#define HAVE_SIGWAITINFO 1
#define HAVE_STRCHR 1
#define HAVE_STRDUP 1
#define HAVE_STRPBRK 1
#define HAVE_STRRCHR 1
#define HAVE_STRSTR 1
#define HAVE_SYSCALL 1
#define HAVE_UTIMENSAT 1
#define HAVE_BUILTIN_ATOMIC 1
#define HAVE_BUILTIN_ATOMIC_CXX 1

configure: exit 0
